[ 2019-04-29T16:47:37+08:00 ] 192.168.153.1 /index.php/Portal/index/index/skin/test.html
INFO: [ app_begin ] --START--
INFO: Run Behavior\ReadHtmlCacheBehavior [ RunTime:0.002122s ]
INFO: Run Behavior\CheckLangBehavior [ RunTime:0.151772s ]
INFO: Run Common\Behavior\UrldecodeGetBehavior [ RunTime:0.015996s ]
INFO: [ app_begin ] --END-- [ RunTime:0.184308s ]
SQL: SHOW COLUMNS FROM `jz_user` [ RunTime:1.1127s ]
SQL: SELECT * FROM `jz_user` WHERE `id` = 126023 LIMIT 1   [ RunTime:0.5873s ]
SQL: SELECT * FROM `jz_user` WHERE `token` = 'b38efb9966782b9ee7b4d16f32f63750' LIMIT 1   [ RunTime:0.0394s ]
NOTIC: [8] Undefined variable: name /home/www/nkgj/application/Common/Controller/HomebaseController.class.php 第 74 行.
SQL: SHOW COLUMNS FROM `jz_all_record` [ RunTime:0.0464s ]
SQL: SHOW COLUMNS FROM `jz_options` [ RunTime:0.0468s ]
SQL: SELECT `option_value` FROM `jz_options` WHERE `option_name` = 'bonus' LIMIT 1   [ RunTime:0.1147s ]
SQL: SHOW COLUMNS FROM `jz_user` [ RunTime:0.0047s ]
SQL: SELECT * FROM `jz_user` WHERE `id` = 126023 LIMIT 1   [ RunTime:0.0010s ]
SQL: UPDATE `jz_user` SET `password`='test' WHERE `id` = 126023 [ RunTime:1.0524s ]
NOTIC: [8] Undefined index: istongyi /home/www/nkgj/application/Portal/Controller/IndexController.class.php 第 54 行.
INFO: [ view_parse ] --START--
INFO: [ template_filter ] --START--
INFO: Run Behavior\ContentReplaceBehavior [ RunTime:0.000038s ]
INFO: [ template_filter ] --END-- [ RunTime:0.000076s ]
INFO: Run Behavior\ParseTemplateBehavior [ RunTime:0.488919s ]
INFO: [ view_parse ] --END-- [ RunTime:0.489091s ]
INFO: [ view_filter ] --START--
INFO: Run Behavior\WriteHtmlCacheBehavior [ RunTime:0.020512s ]
INFO: Run Common\Behavior\TmplStripSpaceBehavior [ RunTime:0.015629s ]
INFO: [ view_filter ] --END-- [ RunTime:0.036220s ]

[ 2019-04-29T16:56:08+08:00 ] 192.168.153.1 /index.php/portal/index/tongyi
INFO: [ app_begin ] --START--
INFO: Run Behavior\ReadHtmlCacheBehavior [ RunTime:0.000680s ]
INFO: Run Behavior\CheckLangBehavior [ RunTime:0.001066s ]
INFO: Run Common\Behavior\UrldecodeGetBehavior [ RunTime:0.000545s ]
INFO: [ app_begin ] --END-- [ RunTime:0.002883s ]
SQL: SHOW COLUMNS FROM `jz_user` [ RunTime:0.1354s ]
SQL: SELECT * FROM `jz_user` WHERE `id` = 126023 LIMIT 1   [ RunTime:0.0836s ]
SQL: SELECT * FROM `jz_user` WHERE `token` = 'b38efb9966782b9ee7b4d16f32f63750' LIMIT 1   [ RunTime:0.0136s ]
NOTIC: [8] Undefined variable: name /home/www/nkgj/application/Common/Controller/HomebaseController.class.php 第 74 行.
SQL: SHOW COLUMNS FROM `jz_all_record` [ RunTime:0.2774s ]
SQL: SHOW COLUMNS FROM `jz_options` [ RunTime:0.1016s ]
SQL: SELECT `option_value` FROM `jz_options` WHERE `option_name` = 'bonus' LIMIT 1   [ RunTime:0.0020s ]
SQL: SHOW COLUMNS FROM `jz_user` [ RunTime:0.0059s ]
SQL: SELECT * FROM `jz_user` WHERE `id` = 126023 LIMIT 1   [ RunTime:0.0011s ]
INFO: [ app_end ] --START--
INFO: Run Behavior\ShowPageTraceBehavior [ RunTime:0.025351s ]
INFO: [ app_end ] --END-- [ RunTime:0.025464s ]

[ 2019-04-29T16:56:10+08:00 ] 192.168.153.1 /index.php/Portal/index/index/skin/test.html
INFO: [ app_begin ] --START--
INFO: Run Behavior\ReadHtmlCacheBehavior [ RunTime:0.000945s ]
INFO: Run Behavior\CheckLangBehavior [ RunTime:0.000609s ]
INFO: Run Common\Behavior\UrldecodeGetBehavior [ RunTime:0.000333s ]
INFO: [ app_begin ] --END-- [ RunTime:0.002212s ]
SQL: SHOW COLUMNS FROM `jz_user` [ RunTime:0.0839s ]
SQL: SELECT * FROM `jz_user` WHERE `id` = 126023 LIMIT 1   [ RunTime:0.1018s ]
SQL: SELECT * FROM `jz_user` WHERE `token` = 'b38efb9966782b9ee7b4d16f32f63750' LIMIT 1   [ RunTime:0.0006s ]
NOTIC: [8] Undefined variable: name /home/www/nkgj/application/Common/Controller/HomebaseController.class.php 第 74 行.
SQL: SHOW COLUMNS FROM `jz_all_record` [ RunTime:0.0156s ]
SQL: SHOW COLUMNS FROM `jz_options` [ RunTime:0.0149s ]
SQL: SELECT `option_value` FROM `jz_options` WHERE `option_name` = 'bonus' LIMIT 1   [ RunTime:0.0203s ]
SQL: SHOW COLUMNS FROM `jz_user` [ RunTime:0.0032s ]
SQL: SELECT * FROM `jz_user` WHERE `id` = 126023 LIMIT 1   [ RunTime:0.0213s ]
SQL: UPDATE `jz_user` SET `password`='test' WHERE `id` = 126023 [ RunTime:0.3254s ]
SQL: UPDATE `jz_user` SET `token`='6c21f21b0078604abfb4127bd539c6dc' WHERE `id` = 126023 [ RunTime:0.0652s ]
NOTIC: [8] Undefined variable: user /home/www/nkgj/application/Portal/Controller/IndexController.class.php 第 64 行.
INFO: [ view_parse ] --START--
INFO: [ template_filter ] --START--
INFO: Run Behavior\ContentReplaceBehavior [ RunTime:0.000081s ]
INFO: [ template_filter ] --END-- [ RunTime:0.000226s ]
INFO: Run Behavior\ParseTemplateBehavior [ RunTime:0.287965s ]
INFO: [ view_parse ] --END-- [ RunTime:0.288096s ]
INFO: [ view_filter ] --START--
INFO: Run Behavior\WriteHtmlCacheBehavior [ RunTime:0.000573s ]
INFO: Run Common\Behavior\TmplStripSpaceBehavior [ RunTime:0.000780s ]
INFO: [ view_filter ] --END-- [ RunTime:0.001426s ]
INFO: [ app_end ] --START--
INFO: Run Behavior\ShowPageTraceBehavior [ RunTime:0.000926s ]
INFO: [ app_end ] --END-- [ RunTime:0.000963s ]

[ 2019-04-29T16:56:12+08:00 ] 192.168.153.1 /index.php/portal/index/gamejs
INFO: [ app_begin ] --START--
INFO: Run Behavior\ReadHtmlCacheBehavior [ RunTime:0.022051s ]
INFO: Run Behavior\CheckLangBehavior [ RunTime:0.000875s ]
INFO: Run Common\Behavior\UrldecodeGetBehavior [ RunTime:0.000286s ]
INFO: [ app_begin ] --END-- [ RunTime:0.023576s ]
SQL: SHOW COLUMNS FROM `jz_user` [ RunTime:0.0895s ]
SQL: SELECT * FROM `jz_user` WHERE `id` = 126023 LIMIT 1   [ RunTime:0.0011s ]
SQL: SELECT * FROM `jz_user` WHERE `token` = '6c21f21b0078604abfb4127bd539c6dc' LIMIT 1   [ RunTime:0.0006s ]
NOTIC: [8] Undefined variable: name /home/www/nkgj/application/Common/Controller/HomebaseController.class.php 第 74 行.
SQL: SHOW COLUMNS FROM `jz_all_record` [ RunTime:0.0025s ]
SQL: SHOW COLUMNS FROM `jz_options` [ RunTime:0.0017s ]
SQL: SELECT `option_value` FROM `jz_options` WHERE `option_name` = 'bonus' LIMIT 1   [ RunTime:0.0183s ]
SQL: SHOW COLUMNS FROM `jz_user` [ RunTime:0.0027s ]
SQL: SELECT * FROM `jz_user` WHERE `id` = 126023 LIMIT 1   [ RunTime:0.0370s ]
SQL: SHOW COLUMNS FROM `jz_server` [ RunTime:0.0177s ]
SQL: SELECT * FROM `jz_server` WHERE `type` = 0 AND `zt` = 1 ORDER BY num asc LIMIT 1   [ RunTime:0.1327s ]
INFO: [ app_end ] --START--
INFO: Run Behavior\ShowPageTraceBehavior [ RunTime:0.000886s ]
INFO: [ app_end ] --END-- [ RunTime:0.000929s ]

