[ 2019-04-24T21:47:08+08:00 ] 192.168.153.1 /index.php/Portal/index/index/skin/test.html
INFO: [ app_begin ] --START--
INFO: Run Behavior\ReadHtmlCacheBehavior [ RunTime:0.001039s ]
INFO: Run Behavior\CheckLangBehavior [ RunTime:0.001223s ]
INFO: Run Common\Behavior\UrldecodeGetBehavior [ RunTime:0.000509s ]
INFO: [ app_begin ] --END-- [ RunTime:0.003504s ]

[ 2019-04-24T21:47:26+08:00 ] 192.168.153.1 /index.php/Portal/index/index/skin/test.html
INFO: [ app_begin ] --START--
INFO: Run Behavior\ReadHtmlCacheBehavior [ RunTime:0.001506s ]
INFO: Run Behavior\CheckLangBehavior [ RunTime:0.014850s ]
INFO: Run Common\Behavior\UrldecodeGetBehavior [ RunTime:0.000885s ]
INFO: [ app_begin ] --END-- [ RunTime:0.018146s ]
SQL: SHOW COLUMNS FROM `jz_user` [ RunTime:0.4549s ]
ERR: 1364:Field 'last_time' doesn't have a default value
 [ SQL语句 ] : INSERT INTO `jz_user` (`nickname`,`password`,`mobile`,`gailv`,`token`,`user_login`,`create_time`,`nickname_base64`,`img`) VALUES ('某人3978','test','15321291953','1','ca55e4ddb6d829e1cb648f3b262eb541','test540431','2019-04-24 21:47:25','5p+Q5Lq6Mzk3OA==','http://thirdwx.qlogo.cn/mmopen/vi_32/vJSKfE2CFQxraezpbHaFDWkYyoKkbQUWyKMzHdMMgq5PS0pNmcyib7aOTaP12tszh0g51yyiaiaVNs0iaJzEZY6oAQ/132')
ERR: 1364:Field 'last_time' doesn't have a default value
 [ SQL语句 ] : INSERT INTO `jz_user` (`nickname`,`password`,`mobile`,`gailv`,`token`,`user_login`,`create_time`,`nickname_base64`,`img`) VALUES ('某人3978','test','15321291953','1','ca55e4ddb6d829e1cb648f3b262eb541','test540431','2019-04-24 21:47:25','5p+Q5Lq6Mzk3OA==','http://thirdwx.qlogo.cn/mmopen/vi_32/vJSKfE2CFQxraezpbHaFDWkYyoKkbQUWyKMzHdMMgq5PS0pNmcyib7aOTaP12tszh0g51yyiaiaVNs0iaJzEZY6oAQ/132')

[ 2019-04-24T21:49:45+08:00 ] 192.168.153.1 /index.php/Portal/index/index/skin/test.html
INFO: [ app_begin ] --START--
INFO: Run Behavior\ReadHtmlCacheBehavior [ RunTime:0.000511s ]
INFO: Run Behavior\CheckLangBehavior [ RunTime:0.000633s ]
INFO: Run Common\Behavior\UrldecodeGetBehavior [ RunTime:0.000353s ]
INFO: [ app_begin ] --END-- [ RunTime:0.001852s ]
SQL: SHOW COLUMNS FROM `jz_user` [ RunTime:0.0352s ]
ERR: 1364:Field 'reg_ip' doesn't have a default value
 [ SQL语句 ] : INSERT INTO `jz_user` (`nickname`,`password`,`mobile`,`gailv`,`token`,`user_login`,`create_time`,`nickname_base64`,`img`) VALUES ('某人2498','test','15321299542','1','f37bd4ec1a91b96761fb29b707443101','test901981','2019-04-24 21:49:44','5p+Q5Lq6MjQ5OA==','http://thirdwx.qlogo.cn/mmopen/vi_32/vJSKfE2CFQxraezpbHaFDWkYyoKkbQUWyKMzHdMMgq5PS0pNmcyib7aOTaP12tszh0g51yyiaiaVNs0iaJzEZY6oAQ/132')
ERR: 1364:Field 'reg_ip' doesn't have a default value
 [ SQL语句 ] : INSERT INTO `jz_user` (`nickname`,`password`,`mobile`,`gailv`,`token`,`user_login`,`create_time`,`nickname_base64`,`img`) VALUES ('某人2498','test','15321299542','1','f37bd4ec1a91b96761fb29b707443101','test901981','2019-04-24 21:49:44','5p+Q5Lq6MjQ5OA==','http://thirdwx.qlogo.cn/mmopen/vi_32/vJSKfE2CFQxraezpbHaFDWkYyoKkbQUWyKMzHdMMgq5PS0pNmcyib7aOTaP12tszh0g51yyiaiaVNs0iaJzEZY6oAQ/132')

[ 2019-04-24T21:50:03+08:00 ] 192.168.153.1 /index.php/Portal/index/index/skin/test.html
INFO: [ app_begin ] --START--
INFO: Run Behavior\ReadHtmlCacheBehavior [ RunTime:0.000509s ]
INFO: Run Behavior\CheckLangBehavior [ RunTime:0.000609s ]
INFO: Run Common\Behavior\UrldecodeGetBehavior [ RunTime:0.000338s ]
INFO: [ app_begin ] --END-- [ RunTime:0.001803s ]
SQL: SHOW COLUMNS FROM `jz_user` [ RunTime:0.0028s ]
SQL: INSERT INTO `jz_user` (`nickname`,`password`,`mobile`,`gailv`,`token`,`user_login`,`create_time`,`nickname_base64`,`img`) VALUES ('某人6508','test','15321291011','1','5cbfc00dcaa64382b4c30058ed98e153','test475749','2019-04-24 21:50:03','5p+Q5Lq6NjUwOA==','http://thirdwx.qlogo.cn/mmopen/vi_32/vJSKfE2CFQxraezpbHaFDWkYyoKkbQUWyKMzHdMMgq5PS0pNmcyib7aOTaP12tszh0g51yyiaiaVNs0iaJzEZY6oAQ/132') [ RunTime:0.0371s ]
NOTIC: [8] Undefined index: parent /home/www/nkgj/application/Portal/Model/UserModel.class.php 第 34 行.
SQL: SHOW COLUMNS FROM `jz_usermachine` [ RunTime:0.0196s ]
ERR: 1364:Field 'room' doesn't have a default value
 [ SQL语句 ] : INSERT INTO `jz_usermachine` (`uid`) VALUES ('126023')
ERR: 1364:Field 'room' doesn't have a default value
 [ SQL语句 ] : INSERT INTO `jz_usermachine` (`uid`) VALUES ('126023')

[ 2019-04-24T21:51:00+08:00 ] 192.168.153.1 /index.php/Portal/index/index/skin/test.html
INFO: [ app_begin ] --START--
INFO: Run Behavior\ReadHtmlCacheBehavior [ RunTime:0.000781s ]
INFO: Run Behavior\CheckLangBehavior [ RunTime:0.001070s ]
INFO: Run Common\Behavior\UrldecodeGetBehavior [ RunTime:0.000641s ]
INFO: [ app_begin ] --END-- [ RunTime:0.002967s ]
SQL: SHOW COLUMNS FROM `jz_user` [ RunTime:0.0039s ]
SQL: SELECT * FROM `jz_user` WHERE `id` = 126023 LIMIT 1   [ RunTime:0.0030s ]
SQL: SELECT * FROM `jz_user` WHERE `token` = '5cbfc00dcaa64382b4c30058ed98e153' LIMIT 1   [ RunTime:0.0021s ]
NOTIC: [8] Undefined variable: name /home/www/nkgj/application/Common/Controller/HomebaseController.class.php 第 74 行.
SQL: SHOW COLUMNS FROM `jz_all_record` [ RunTime:0.0415s ]
SQL: SHOW COLUMNS FROM `jz_options` [ RunTime:0.0151s ]
SQL: SELECT `option_value` FROM `jz_options` WHERE `option_name` = 'bonus' LIMIT 1   [ RunTime:0.0309s ]
SQL: SHOW COLUMNS FROM `jz_user` [ RunTime:0.0134s ]
SQL: SELECT * FROM `jz_user` WHERE `id` = 126023 LIMIT 1   [ RunTime:0.0137s ]
SQL: UPDATE `jz_user` SET `password`='test' WHERE `id` = 126023 [ RunTime:0.0785s ]
NOTIC: [8] Undefined index: istongyi /home/www/nkgj/application/Portal/Controller/IndexController.class.php 第 54 行.
INFO: [ view_parse ] --START--
INFO: [ template_filter ] --START--
INFO: Run Behavior\ContentReplaceBehavior [ RunTime:0.000028s ]
INFO: [ template_filter ] --END-- [ RunTime:0.000066s ]
INFO: Run Behavior\ParseTemplateBehavior [ RunTime:0.129448s ]
INFO: [ view_parse ] --END-- [ RunTime:0.129506s ]
INFO: [ view_filter ] --START--
INFO: Run Behavior\WriteHtmlCacheBehavior [ RunTime:0.009666s ]
INFO: Run Common\Behavior\TmplStripSpaceBehavior [ RunTime:0.013348s ]
INFO: [ view_filter ] --END-- [ RunTime:0.023086s ]

[ 2019-04-24T21:51:03+08:00 ] 192.168.153.1 /index.php/portal/index/tongyi
INFO: [ app_begin ] --START--
INFO: Run Behavior\ReadHtmlCacheBehavior [ RunTime:0.000525s ]
INFO: Run Behavior\CheckLangBehavior [ RunTime:0.000690s ]
INFO: Run Common\Behavior\UrldecodeGetBehavior [ RunTime:0.000249s ]
INFO: [ app_begin ] --END-- [ RunTime:0.001733s ]
SQL: SHOW COLUMNS FROM `jz_user` [ RunTime:0.0137s ]
SQL: SELECT * FROM `jz_user` WHERE `id` = 126023 LIMIT 1   [ RunTime:0.0009s ]
SQL: SELECT * FROM `jz_user` WHERE `token` = '5cbfc00dcaa64382b4c30058ed98e153' LIMIT 1   [ RunTime:0.0007s ]
NOTIC: [8] Undefined variable: name /home/www/nkgj/application/Common/Controller/HomebaseController.class.php 第 74 行.
SQL: SHOW COLUMNS FROM `jz_all_record` [ RunTime:0.0028s ]
SQL: SHOW COLUMNS FROM `jz_options` [ RunTime:0.0016s ]
SQL: SELECT `option_value` FROM `jz_options` WHERE `option_name` = 'bonus' LIMIT 1   [ RunTime:0.0004s ]
SQL: SHOW COLUMNS FROM `jz_user` [ RunTime:0.0027s ]
SQL: SELECT * FROM `jz_user` WHERE `id` = 126023 LIMIT 1   [ RunTime:0.0224s ]
INFO: [ app_end ] --START--
INFO: Run Behavior\ShowPageTraceBehavior [ RunTime:0.001167s ]
INFO: [ app_end ] --END-- [ RunTime:0.001230s ]

[ 2019-04-24T21:51:03+08:00 ] 192.168.153.1 /index.php/Portal/index/index/skin/test.html
INFO: [ app_begin ] --START--
INFO: Run Behavior\ReadHtmlCacheBehavior [ RunTime:0.000461s ]
INFO: Run Behavior\CheckLangBehavior [ RunTime:0.000602s ]
INFO: Run Common\Behavior\UrldecodeGetBehavior [ RunTime:0.000227s ]
INFO: [ app_begin ] --END-- [ RunTime:0.001603s ]
SQL: SHOW COLUMNS FROM `jz_user` [ RunTime:0.0214s ]
SQL: SELECT * FROM `jz_user` WHERE `id` = 126023 LIMIT 1   [ RunTime:0.0304s ]
SQL: SELECT * FROM `jz_user` WHERE `token` = '5cbfc00dcaa64382b4c30058ed98e153' LIMIT 1   [ RunTime:0.0008s ]
NOTIC: [8] Undefined variable: name /home/www/nkgj/application/Common/Controller/HomebaseController.class.php 第 74 行.
SQL: SHOW COLUMNS FROM `jz_all_record` [ RunTime:0.0029s ]
SQL: SHOW COLUMNS FROM `jz_options` [ RunTime:0.0077s ]
SQL: SELECT `option_value` FROM `jz_options` WHERE `option_name` = 'bonus' LIMIT 1   [ RunTime:0.0010s ]
SQL: SHOW COLUMNS FROM `jz_user` [ RunTime:0.0043s ]
SQL: SELECT * FROM `jz_user` WHERE `id` = 126023 LIMIT 1   [ RunTime:0.0006s ]
SQL: UPDATE `jz_user` SET `password`='test' WHERE `id` = 126023 [ RunTime:0.0263s ]
SQL: UPDATE `jz_user` SET `token`='34b09153fa3bbbb7da99b90b8fc5239f' WHERE `id` = 126023 [ RunTime:0.0252s ]
NOTIC: [8] Undefined variable: user /home/www/nkgj/application/Portal/Controller/IndexController.class.php 第 64 行.
INFO: [ view_parse ] --START--
INFO: [ template_filter ] --START--
INFO: Run Behavior\ContentReplaceBehavior [ RunTime:0.000075s ]
INFO: [ template_filter ] --END-- [ RunTime:0.000160s ]
INFO: Run Behavior\ParseTemplateBehavior [ RunTime:0.013530s ]
INFO: [ view_parse ] --END-- [ RunTime:0.013563s ]
INFO: [ view_filter ] --START--
INFO: Run Behavior\WriteHtmlCacheBehavior [ RunTime:0.000384s ]
INFO: Run Common\Behavior\TmplStripSpaceBehavior [ RunTime:0.000588s ]
INFO: [ view_filter ] --END-- [ RunTime:0.001043s ]
INFO: [ app_end ] --START--
INFO: Run Behavior\ShowPageTraceBehavior [ RunTime:0.000960s ]
INFO: [ app_end ] --END-- [ RunTime:0.000999s ]

[ 2019-04-24T21:51:05+08:00 ] 192.168.153.1 /index.php/portal/index/gamejs
INFO: [ app_begin ] --START--
INFO: Run Behavior\ReadHtmlCacheBehavior [ RunTime:0.002934s ]
INFO: Run Behavior\CheckLangBehavior [ RunTime:0.001078s ]
INFO: Run Common\Behavior\UrldecodeGetBehavior [ RunTime:0.000351s ]
INFO: [ app_begin ] --END-- [ RunTime:0.004714s ]
SQL: SHOW COLUMNS FROM `jz_user` [ RunTime:0.0309s ]
SQL: SELECT * FROM `jz_user` WHERE `id` = 126023 LIMIT 1   [ RunTime:0.0010s ]
SQL: SELECT * FROM `jz_user` WHERE `token` = '34b09153fa3bbbb7da99b90b8fc5239f' LIMIT 1   [ RunTime:0.0297s ]
NOTIC: [8] Undefined variable: name /home/www/nkgj/application/Common/Controller/HomebaseController.class.php 第 74 行.
SQL: SHOW COLUMNS FROM `jz_all_record` [ RunTime:0.0070s ]
SQL: SHOW COLUMNS FROM `jz_options` [ RunTime:0.0117s ]
SQL: SELECT `option_value` FROM `jz_options` WHERE `option_name` = 'bonus' LIMIT 1   [ RunTime:0.0095s ]
SQL: SHOW COLUMNS FROM `jz_user` [ RunTime:0.0679s ]
SQL: SELECT * FROM `jz_user` WHERE `id` = 126023 LIMIT 1   [ RunTime:0.0146s ]
SQL: SHOW COLUMNS FROM `jz_server` [ RunTime:0.0109s ]
SQL: SELECT * FROM `jz_server` WHERE `type` = 0 AND `zt` = 1 ORDER BY num asc LIMIT 1   [ RunTime:0.0469s ]
INFO: [ app_end ] --START--
INFO: Run Behavior\ShowPageTraceBehavior [ RunTime:0.000579s ]
INFO: [ app_end ] --END-- [ RunTime:0.000606s ]

[ 2019-04-24T21:52:05+08:00 ] 192.168.153.1 /index.php/Portal/index/index/skin/test.html
INFO: [ app_begin ] --START--
INFO: Run Behavior\ReadHtmlCacheBehavior [ RunTime:0.000464s ]
INFO: Run Behavior\CheckLangBehavior [ RunTime:0.000731s ]
INFO: Run Common\Behavior\UrldecodeGetBehavior [ RunTime:0.000281s ]
INFO: [ app_begin ] --END-- [ RunTime:0.001845s ]
SQL: SHOW COLUMNS FROM `jz_user` [ RunTime:0.0092s ]
SQL: SELECT * FROM `jz_user` WHERE `id` = 126023 LIMIT 1   [ RunTime:0.0167s ]
SQL: SELECT * FROM `jz_user` WHERE `token` = '34b09153fa3bbbb7da99b90b8fc5239f' LIMIT 1   [ RunTime:0.0040s ]
NOTIC: [8] Undefined variable: name /home/www/nkgj/application/Common/Controller/HomebaseController.class.php 第 74 行.
SQL: SHOW COLUMNS FROM `jz_all_record` [ RunTime:0.0085s ]
SQL: SHOW COLUMNS FROM `jz_options` [ RunTime:0.0056s ]
SQL: SELECT `option_value` FROM `jz_options` WHERE `option_name` = 'bonus' LIMIT 1   [ RunTime:0.0076s ]
SQL: SHOW COLUMNS FROM `jz_user` [ RunTime:0.0050s ]
SQL: SELECT * FROM `jz_user` WHERE `id` = 126023 LIMIT 1   [ RunTime:0.0007s ]
SQL: UPDATE `jz_user` SET `password`='test' WHERE `id` = 126023 [ RunTime:0.0572s ]
SQL: UPDATE `jz_user` SET `token`='f36f17d417aa84afbb5dfe8c8a7b4707' WHERE `id` = 126023 [ RunTime:0.0039s ]
NOTIC: [8] Undefined variable: user /home/www/nkgj/application/Portal/Controller/IndexController.class.php 第 64 行.
INFO: [ view_parse ] --START--
INFO: [ template_filter ] --START--
INFO: Run Behavior\ContentReplaceBehavior [ RunTime:0.000076s ]
INFO: [ template_filter ] --END-- [ RunTime:0.000146s ]
INFO: Run Behavior\ParseTemplateBehavior [ RunTime:0.014827s ]
INFO: [ view_parse ] --END-- [ RunTime:0.014866s ]
INFO: [ view_filter ] --START--
INFO: Run Behavior\WriteHtmlCacheBehavior [ RunTime:0.000454s ]
INFO: Run Common\Behavior\TmplStripSpaceBehavior [ RunTime:0.000509s ]
INFO: [ view_filter ] --END-- [ RunTime:0.001014s ]
INFO: [ app_end ] --START--
INFO: Run Behavior\ShowPageTraceBehavior [ RunTime:0.000991s ]
INFO: [ app_end ] --END-- [ RunTime:0.001024s ]

[ 2019-04-24T21:52:05+08:00 ] 192.168.153.1 /index.php/portal/index/gamejs
INFO: [ app_begin ] --START--
INFO: Run Behavior\ReadHtmlCacheBehavior [ RunTime:0.000670s ]
INFO: Run Behavior\CheckLangBehavior [ RunTime:0.000694s ]
INFO: Run Common\Behavior\UrldecodeGetBehavior [ RunTime:0.000298s ]
INFO: [ app_begin ] --END-- [ RunTime:0.002019s ]
SQL: SHOW COLUMNS FROM `jz_user` [ RunTime:0.0090s ]
SQL: SELECT * FROM `jz_user` WHERE `id` = 126023 LIMIT 1   [ RunTime:0.0082s ]
SQL: SELECT * FROM `jz_user` WHERE `token` = 'f36f17d417aa84afbb5dfe8c8a7b4707' LIMIT 1   [ RunTime:0.0022s ]
NOTIC: [8] Undefined variable: name /home/www/nkgj/application/Common/Controller/HomebaseController.class.php 第 74 行.
SQL: SHOW COLUMNS FROM `jz_all_record` [ RunTime:0.0036s ]
SQL: SHOW COLUMNS FROM `jz_options` [ RunTime:0.0037s ]
SQL: SELECT `option_value` FROM `jz_options` WHERE `option_name` = 'bonus' LIMIT 1   [ RunTime:0.0011s ]
SQL: SHOW COLUMNS FROM `jz_user` [ RunTime:0.0047s ]
SQL: SELECT * FROM `jz_user` WHERE `id` = 126023 LIMIT 1   [ RunTime:0.0109s ]
SQL: SHOW COLUMNS FROM `jz_server` [ RunTime:0.0030s ]
SQL: SELECT * FROM `jz_server` WHERE `type` = 0 AND `zt` = 1 ORDER BY num asc LIMIT 1   [ RunTime:0.0012s ]
INFO: [ app_end ] --START--
INFO: Run Behavior\ShowPageTraceBehavior [ RunTime:0.001043s ]
INFO: [ app_end ] --END-- [ RunTime:0.001089s ]

[ 2019-04-24T22:05:44+08:00 ] 192.168.153.1 /index.php/Portal/index/index/skin/test.html
INFO: [ app_begin ] --START--
INFO: Run Behavior\ReadHtmlCacheBehavior [ RunTime:0.000483s ]
INFO: Run Behavior\CheckLangBehavior [ RunTime:0.000779s ]
INFO: Run Common\Behavior\UrldecodeGetBehavior [ RunTime:0.000442s ]
INFO: [ app_begin ] --END-- [ RunTime:0.002072s ]
SQL: SHOW COLUMNS FROM `jz_user` [ RunTime:0.1712s ]
SQL: SELECT * FROM `jz_user` WHERE `id` = 126023 LIMIT 1   [ RunTime:1.5847s ]
SQL: SELECT * FROM `jz_user` WHERE `token` = 'f36f17d417aa84afbb5dfe8c8a7b4707' LIMIT 1   [ RunTime:0.0009s ]
NOTIC: [8] Undefined variable: name /home/www/nkgj/application/Common/Controller/HomebaseController.class.php 第 74 行.
SQL: SHOW COLUMNS FROM `jz_all_record` [ RunTime:0.2932s ]
SQL: SHOW COLUMNS FROM `jz_options` [ RunTime:0.0166s ]
SQL: SELECT `option_value` FROM `jz_options` WHERE `option_name` = 'bonus' LIMIT 1   [ RunTime:0.0017s ]
SQL: SHOW COLUMNS FROM `jz_user` [ RunTime:0.0042s ]
SQL: SELECT * FROM `jz_user` WHERE `id` = 126023 LIMIT 1   [ RunTime:0.0008s ]
SQL: UPDATE `jz_user` SET `password`='test' WHERE `id` = 126023 [ RunTime:0.0666s ]
SQL: UPDATE `jz_user` SET `token`='6871b42230a882a8a9a1884df9206f1e' WHERE `id` = 126023 [ RunTime:0.0026s ]
NOTIC: [8] Undefined variable: user /home/www/nkgj/application/Portal/Controller/IndexController.class.php 第 64 行.
INFO: [ view_parse ] --START--
INFO: [ template_filter ] --START--
INFO: Run Behavior\ContentReplaceBehavior [ RunTime:0.000087s ]
INFO: [ template_filter ] --END-- [ RunTime:0.000128s ]
INFO: Run Behavior\ParseTemplateBehavior [ RunTime:0.208092s ]
INFO: [ view_parse ] --END-- [ RunTime:0.208125s ]
INFO: [ view_filter ] --START--
INFO: Run Behavior\WriteHtmlCacheBehavior [ RunTime:0.000273s ]
INFO: Run Common\Behavior\TmplStripSpaceBehavior [ RunTime:0.031648s ]
INFO: [ view_filter ] --END-- [ RunTime:0.031975s ]
INFO: [ app_end ] --START--
INFO: Run Behavior\ShowPageTraceBehavior [ RunTime:0.001058s ]
INFO: [ app_end ] --END-- [ RunTime:0.001088s ]

[ 2019-04-24T22:05:44+08:00 ] 192.168.153.1 /index.php/portal/index/gamejs
INFO: [ app_begin ] --START--
INFO: Run Behavior\ReadHtmlCacheBehavior [ RunTime:0.009367s ]
INFO: Run Behavior\CheckLangBehavior [ RunTime:0.000794s ]
INFO: Run Common\Behavior\UrldecodeGetBehavior [ RunTime:0.001429s ]
INFO: [ app_begin ] --END-- [ RunTime:0.012012s ]
SQL: SHOW COLUMNS FROM `jz_user` [ RunTime:0.0115s ]
SQL: SELECT * FROM `jz_user` WHERE `id` = 126023 LIMIT 1   [ RunTime:0.0007s ]
SQL: SELECT * FROM `jz_user` WHERE `token` = '6871b42230a882a8a9a1884df9206f1e' LIMIT 1   [ RunTime:0.0005s ]
NOTIC: [8] Undefined variable: name /home/www/nkgj/application/Common/Controller/HomebaseController.class.php 第 74 行.
SQL: SHOW COLUMNS FROM `jz_all_record` [ RunTime:0.0198s ]
SQL: SHOW COLUMNS FROM `jz_options` [ RunTime:0.0019s ]
SQL: SELECT `option_value` FROM `jz_options` WHERE `option_name` = 'bonus' LIMIT 1   [ RunTime:0.0007s ]
SQL: SHOW COLUMNS FROM `jz_user` [ RunTime:0.0062s ]
SQL: SELECT * FROM `jz_user` WHERE `id` = 126023 LIMIT 1   [ RunTime:0.0004s ]
SQL: SHOW COLUMNS FROM `jz_server` [ RunTime:0.0106s ]
SQL: SELECT * FROM `jz_server` WHERE `type` = 0 AND `zt` = 1 ORDER BY num asc LIMIT 1   [ RunTime:0.0039s ]
INFO: [ app_end ] --START--
INFO: Run Behavior\ShowPageTraceBehavior [ RunTime:0.014324s ]
INFO: [ app_end ] --END-- [ RunTime:0.014368s ]

[ 2019-04-24T22:06:55+08:00 ] 192.168.153.1 /index.php/Portal/index/index/skin/test.html
INFO: [ app_begin ] --START--
INFO: Run Behavior\ReadHtmlCacheBehavior [ RunTime:0.000379s ]
INFO: Run Behavior\CheckLangBehavior [ RunTime:0.000658s ]
INFO: Run Common\Behavior\UrldecodeGetBehavior [ RunTime:0.000233s ]
INFO: [ app_begin ] --END-- [ RunTime:0.001555s ]
SQL: SHOW COLUMNS FROM `jz_user` [ RunTime:0.0030s ]
SQL: SELECT * FROM `jz_user` WHERE `id` = 126023 LIMIT 1   [ RunTime:0.0009s ]
SQL: SELECT * FROM `jz_user` WHERE `token` = '6871b42230a882a8a9a1884df9206f1e' LIMIT 1   [ RunTime:0.0015s ]
NOTIC: [8] Undefined variable: name /home/www/nkgj/application/Common/Controller/HomebaseController.class.php 第 74 行.
SQL: SHOW COLUMNS FROM `jz_all_record` [ RunTime:0.0022s ]
SQL: SHOW COLUMNS FROM `jz_options` [ RunTime:0.0015s ]
SQL: SELECT `option_value` FROM `jz_options` WHERE `option_name` = 'bonus' LIMIT 1   [ RunTime:0.0003s ]
SQL: SHOW COLUMNS FROM `jz_user` [ RunTime:0.0025s ]
SQL: SELECT * FROM `jz_user` WHERE `id` = 126023 LIMIT 1   [ RunTime:0.0005s ]
SQL: UPDATE `jz_user` SET `password`='test' WHERE `id` = 126023 [ RunTime:0.0557s ]
SQL: UPDATE `jz_user` SET `token`='b38efb9966782b9ee7b4d16f32f63750' WHERE `id` = 126023 [ RunTime:0.0028s ]
NOTIC: [8] Undefined variable: user /home/www/nkgj/application/Portal/Controller/IndexController.class.php 第 64 行.
INFO: [ view_parse ] --START--
INFO: [ template_filter ] --START--
INFO: Run Behavior\ContentReplaceBehavior [ RunTime:0.000055s ]
INFO: [ template_filter ] --END-- [ RunTime:0.000092s ]
INFO: Run Behavior\ParseTemplateBehavior [ RunTime:0.009719s ]
INFO: [ view_parse ] --END-- [ RunTime:0.009752s ]
INFO: [ view_filter ] --START--
INFO: Run Behavior\WriteHtmlCacheBehavior [ RunTime:0.000315s ]
INFO: Run Common\Behavior\TmplStripSpaceBehavior [ RunTime:0.000407s ]
INFO: [ view_filter ] --END-- [ RunTime:0.000754s ]
INFO: [ app_end ] --START--
INFO: Run Behavior\ShowPageTraceBehavior [ RunTime:0.000596s ]
INFO: [ app_end ] --END-- [ RunTime:0.000616s ]

[ 2019-04-24T22:06:55+08:00 ] 192.168.153.1 /index.php/portal/index/gamejs
INFO: [ app_begin ] --START--
INFO: Run Behavior\ReadHtmlCacheBehavior [ RunTime:0.000492s ]
INFO: Run Behavior\CheckLangBehavior [ RunTime:0.000799s ]
INFO: Run Common\Behavior\UrldecodeGetBehavior [ RunTime:0.000279s ]
INFO: [ app_begin ] --END-- [ RunTime:0.002164s ]
SQL: SHOW COLUMNS FROM `jz_user` [ RunTime:0.0030s ]
SQL: SELECT * FROM `jz_user` WHERE `id` = 126023 LIMIT 1   [ RunTime:0.0006s ]
SQL: SELECT * FROM `jz_user` WHERE `token` = 'b38efb9966782b9ee7b4d16f32f63750' LIMIT 1   [ RunTime:0.0006s ]
NOTIC: [8] Undefined variable: name /home/www/nkgj/application/Common/Controller/HomebaseController.class.php 第 74 行.
SQL: SHOW COLUMNS FROM `jz_all_record` [ RunTime:0.0026s ]
SQL: SHOW COLUMNS FROM `jz_options` [ RunTime:0.0024s ]
SQL: SELECT `option_value` FROM `jz_options` WHERE `option_name` = 'bonus' LIMIT 1   [ RunTime:0.0008s ]
SQL: SHOW COLUMNS FROM `jz_user` [ RunTime:0.0024s ]
SQL: SELECT * FROM `jz_user` WHERE `id` = 126023 LIMIT 1   [ RunTime:0.0005s ]
SQL: SHOW COLUMNS FROM `jz_server` [ RunTime:0.0033s ]
SQL: SELECT * FROM `jz_server` WHERE `type` = 0 AND `zt` = 1 ORDER BY num asc LIMIT 1   [ RunTime:0.0009s ]
INFO: [ app_end ] --START--
INFO: Run Behavior\ShowPageTraceBehavior [ RunTime:0.001671s ]
INFO: [ app_end ] --END-- [ RunTime:0.001702s ]

