[ 2018-04-12T02:23:17+08:00 ] 116.95.117.20 /index.php?g=admin&m=public&a=login
INFO: [ app_begin ] --START--
INFO: Run Behavior\ReadHtmlCacheBehavior [ RunTime:0.000286s ]
INFO: Run Behavior\CheckLangBehavior [ RunTime:0.000503s ]
INFO: Run Common\Behavior\UrldecodeGetBehavior [ RunTime:0.000130s ]
INFO: [ app_begin ] --END-- [ RunTime:0.001129s ]
INFO: [ admin_begin ] --START--
INFO: Run Common\Behavior\AdminDefaultLangBehavior [ RunTime:0.000495s ]
INFO: [ admin_begin ] --END-- [ RunTime:0.000514s ]
INFO: [ view_parse ] --START--
INFO: [ template_filter ] --START--
INFO: Run Behavior\ContentReplaceBehavior [ RunTime:0.000034s ]
INFO: [ template_filter ] --END-- [ RunTime:0.000050s ]
INFO: Run Behavior\ParseTemplateBehavior [ RunTime:0.004238s ]
INFO: [ view_parse ] --END-- [ RunTime:0.004253s ]
INFO: [ view_filter ] --START--
INFO: Run Behavior\WriteHtmlCacheBehavior [ RunTime:0.000147s ]
INFO: Run Common\Behavior\TmplStripSpaceBehavior [ RunTime:0.000141s ]
INFO: [ view_filter ] --END-- [ RunTime:0.000308s ]
INFO: [ app_end ] --START--
INFO: Run Behavior\ShowPageTraceBehavior [ RunTime:0.000299s ]
INFO: [ app_end ] --END-- [ RunTime:0.000312s ]

[ 2018-04-12T02:23:34+08:00 ] 116.95.117.20 /index.php?g=admin&m=public&a=login
INFO: [ app_begin ] --START--
INFO: Run Behavior\ReadHtmlCacheBehavior [ RunTime:0.000283s ]
INFO: Run Behavior\CheckLangBehavior [ RunTime:0.000440s ]
INFO: Run Common\Behavior\UrldecodeGetBehavior [ RunTime:0.000132s ]
INFO: [ app_begin ] --END-- [ RunTime:0.001065s ]
INFO: [ admin_begin ] --START--
INFO: Run Common\Behavior\AdminDefaultLangBehavior [ RunTime:0.000565s ]
INFO: [ admin_begin ] --END-- [ RunTime:0.000586s ]
INFO: [ view_parse ] --START--
INFO: [ template_filter ] --START--
INFO: Run Behavior\ContentReplaceBehavior [ RunTime:0.000037s ]
INFO: [ template_filter ] --END-- [ RunTime:0.000054s ]
INFO: Run Behavior\ParseTemplateBehavior [ RunTime:0.004396s ]
INFO: [ view_parse ] --END-- [ RunTime:0.004413s ]
INFO: [ view_filter ] --START--
INFO: Run Behavior\WriteHtmlCacheBehavior [ RunTime:0.000134s ]
INFO: Run Common\Behavior\TmplStripSpaceBehavior [ RunTime:0.000139s ]
INFO: [ view_filter ] --END-- [ RunTime:0.000294s ]
INFO: [ app_end ] --START--
INFO: Run Behavior\ShowPageTraceBehavior [ RunTime:0.000301s ]
INFO: [ app_end ] --END-- [ RunTime:0.000314s ]

[ 2018-04-12T02:24:33+08:00 ] 111.146.24.228 /index.php?g=admin&m=public&a=login
INFO: [ app_begin ] --START--
INFO: Run Behavior\ReadHtmlCacheBehavior [ RunTime:0.000278s ]
INFO: Run Behavior\CheckLangBehavior [ RunTime:0.000544s ]
INFO: Run Common\Behavior\UrldecodeGetBehavior [ RunTime:0.000133s ]
INFO: [ app_begin ] --END-- [ RunTime:0.001166s ]
INFO: [ admin_begin ] --START--
INFO: Run Common\Behavior\AdminDefaultLangBehavior [ RunTime:0.000505s ]
INFO: [ admin_begin ] --END-- [ RunTime:0.000526s ]
INFO: [ view_parse ] --START--
INFO: [ template_filter ] --START--
INFO: Run Behavior\ContentReplaceBehavior [ RunTime:0.000035s ]
INFO: [ template_filter ] --END-- [ RunTime:0.000052s ]
INFO: Run Behavior\ParseTemplateBehavior [ RunTime:0.004329s ]
INFO: [ view_parse ] --END-- [ RunTime:0.004345s ]
INFO: [ view_filter ] --START--
INFO: Run Behavior\WriteHtmlCacheBehavior [ RunTime:0.000148s ]
INFO: Run Common\Behavior\TmplStripSpaceBehavior [ RunTime:0.000150s ]
INFO: [ view_filter ] --END-- [ RunTime:0.000318s ]
INFO: [ app_end ] --START--
INFO: Run Behavior\ShowPageTraceBehavior [ RunTime:0.000393s ]
INFO: [ app_end ] --END-- [ RunTime:0.000406s ]

[ 2018-04-12T02:25:09+08:00 ] 116.95.117.20 /index.php?g=admin&m=public&a=login
INFO: [ app_begin ] --START--
INFO: Run Behavior\ReadHtmlCacheBehavior [ RunTime:0.000301s ]
INFO: Run Behavior\CheckLangBehavior [ RunTime:0.000413s ]
INFO: Run Common\Behavior\UrldecodeGetBehavior [ RunTime:0.000129s ]
INFO: [ app_begin ] --END-- [ RunTime:0.001052s ]
INFO: [ admin_begin ] --START--
INFO: Run Common\Behavior\AdminDefaultLangBehavior [ RunTime:0.000501s ]
INFO: [ admin_begin ] --END-- [ RunTime:0.000522s ]
INFO: [ view_parse ] --START--
INFO: [ template_filter ] --START--
INFO: Run Behavior\ContentReplaceBehavior [ RunTime:0.000035s ]
INFO: [ template_filter ] --END-- [ RunTime:0.000052s ]
INFO: Run Behavior\ParseTemplateBehavior [ RunTime:0.004328s ]
INFO: [ view_parse ] --END-- [ RunTime:0.004357s ]
INFO: [ view_filter ] --START--
INFO: Run Behavior\WriteHtmlCacheBehavior [ RunTime:0.000137s ]
INFO: Run Common\Behavior\TmplStripSpaceBehavior [ RunTime:0.000138s ]
INFO: [ view_filter ] --END-- [ RunTime:0.000297s ]
INFO: [ app_end ] --START--
INFO: Run Behavior\ShowPageTraceBehavior [ RunTime:0.000305s ]
INFO: [ app_end ] --END-- [ RunTime:0.000319s ]

[ 2018-04-12T02:25:23+08:00 ] 116.95.117.20 /index.php?g=admin&m=public&a=login
INFO: [ app_begin ] --START--
INFO: Run Behavior\ReadHtmlCacheBehavior [ RunTime:0.000272s ]
INFO: Run Behavior\CheckLangBehavior [ RunTime:0.000414s ]
INFO: Run Common\Behavior\UrldecodeGetBehavior [ RunTime:0.000126s ]
INFO: [ app_begin ] --END-- [ RunTime:0.001027s ]
INFO: [ admin_begin ] --START--
INFO: Run Common\Behavior\AdminDefaultLangBehavior [ RunTime:0.000462s ]
INFO: [ admin_begin ] --END-- [ RunTime:0.000481s ]
INFO: [ view_parse ] --START--
INFO: [ template_filter ] --START--
INFO: Run Behavior\ContentReplaceBehavior [ RunTime:0.000034s ]
INFO: [ template_filter ] --END-- [ RunTime:0.000050s ]
INFO: Run Behavior\ParseTemplateBehavior [ RunTime:0.004262s ]
INFO: [ view_parse ] --END-- [ RunTime:0.004278s ]
INFO: [ view_filter ] --START--
INFO: Run Behavior\WriteHtmlCacheBehavior [ RunTime:0.000128s ]
INFO: Run Common\Behavior\TmplStripSpaceBehavior [ RunTime:0.000134s ]
INFO: [ view_filter ] --END-- [ RunTime:0.000280s ]
INFO: [ app_end ] --START--
INFO: Run Behavior\ShowPageTraceBehavior [ RunTime:0.000313s ]
INFO: [ app_end ] --END-- [ RunTime:0.000326s ]

[ 2018-04-12T02:25:33+08:00 ] 117.135.173.80 /index.php?g=admin&m=public&a=login
INFO: [ app_begin ] --START--
INFO: Run Behavior\ReadHtmlCacheBehavior [ RunTime:0.000300s ]
INFO: Run Behavior\CheckLangBehavior [ RunTime:0.000492s ]
INFO: Run Common\Behavior\UrldecodeGetBehavior [ RunTime:0.000161s ]
INFO: [ app_begin ] --END-- [ RunTime:0.001178s ]
INFO: [ admin_begin ] --START--
INFO: Run Common\Behavior\AdminDefaultLangBehavior [ RunTime:0.000471s ]
INFO: [ admin_begin ] --END-- [ RunTime:0.000490s ]
INFO: [ view_parse ] --START--
INFO: [ template_filter ] --START--
INFO: Run Behavior\ContentReplaceBehavior [ RunTime:0.000035s ]
INFO: [ template_filter ] --END-- [ RunTime:0.000051s ]
INFO: Run Behavior\ParseTemplateBehavior [ RunTime:0.004265s ]
INFO: [ view_parse ] --END-- [ RunTime:0.004281s ]
INFO: [ view_filter ] --START--
INFO: Run Behavior\WriteHtmlCacheBehavior [ RunTime:0.000128s ]
INFO: Run Common\Behavior\TmplStripSpaceBehavior [ RunTime:0.000134s ]
INFO: [ view_filter ] --END-- [ RunTime:0.000281s ]
INFO: [ app_end ] --START--
INFO: Run Behavior\ShowPageTraceBehavior [ RunTime:0.000284s ]
INFO: [ app_end ] --END-- [ RunTime:0.000297s ]

[ 2018-04-12T02:26:50+08:00 ] 116.95.117.20 /index.php?g=admin&m=public&a=login
INFO: [ app_begin ] --START--
INFO: Run Behavior\ReadHtmlCacheBehavior [ RunTime:0.000870s ]
INFO: Run Behavior\CheckLangBehavior [ RunTime:0.001982s ]
INFO: Run Common\Behavior\UrldecodeGetBehavior [ RunTime:0.000630s ]
INFO: [ app_begin ] --END-- [ RunTime:0.004243s ]
INFO: [ admin_begin ] --START--
INFO: Run Common\Behavior\AdminDefaultLangBehavior [ RunTime:0.000971s ]
INFO: [ admin_begin ] --END-- [ RunTime:0.000991s ]
INFO: [ view_parse ] --START--
INFO: [ template_filter ] --START--
INFO: Run Behavior\ContentReplaceBehavior [ RunTime:0.000060s ]
INFO: [ template_filter ] --END-- [ RunTime:0.000077s ]
INFO: Run Behavior\ParseTemplateBehavior [ RunTime:0.012050s ]
INFO: [ view_parse ] --END-- [ RunTime:0.012070s ]
INFO: [ view_filter ] --START--
INFO: Run Behavior\WriteHtmlCacheBehavior [ RunTime:0.000586s ]
INFO: Run Common\Behavior\TmplStripSpaceBehavior [ RunTime:0.000574s ]
INFO: [ view_filter ] --END-- [ RunTime:0.001181s ]
INFO: [ app_end ] --START--
INFO: Run Behavior\ShowPageTraceBehavior [ RunTime:0.000927s ]
INFO: [ app_end ] --END-- [ RunTime:0.000941s ]

[ 2018-04-12T02:27:08+08:00 ] 116.95.117.20 /index.php?g=admin&m=public&a=login
INFO: [ app_begin ] --START--
INFO: Run Behavior\ReadHtmlCacheBehavior [ RunTime:0.000266s ]
INFO: Run Behavior\CheckLangBehavior [ RunTime:0.000408s ]
INFO: Run Common\Behavior\UrldecodeGetBehavior [ RunTime:0.000123s ]
INFO: [ app_begin ] --END-- [ RunTime:0.001016s ]
INFO: [ admin_begin ] --START--
INFO: Run Common\Behavior\AdminDefaultLangBehavior [ RunTime:0.000460s ]
INFO: [ admin_begin ] --END-- [ RunTime:0.000480s ]
INFO: [ view_parse ] --START--
INFO: [ template_filter ] --START--
INFO: Run Behavior\ContentReplaceBehavior [ RunTime:0.000040s ]
INFO: [ template_filter ] --END-- [ RunTime:0.000056s ]
INFO: Run Behavior\ParseTemplateBehavior [ RunTime:0.004755s ]
INFO: [ view_parse ] --END-- [ RunTime:0.004771s ]
INFO: [ view_filter ] --START--
INFO: Run Behavior\WriteHtmlCacheBehavior [ RunTime:0.000122s ]
INFO: Run Common\Behavior\TmplStripSpaceBehavior [ RunTime:0.000128s ]
INFO: [ view_filter ] --END-- [ RunTime:0.000270s ]
INFO: [ app_end ] --START--
INFO: Run Behavior\ShowPageTraceBehavior [ RunTime:0.000296s ]
INFO: [ app_end ] --END-- [ RunTime:0.000309s ]

[ 2018-04-12T02:28:18+08:00 ] 116.95.117.20 /index.php?g=admin&m=public&a=login
INFO: [ app_begin ] --START--
INFO: Run Behavior\ReadHtmlCacheBehavior [ RunTime:0.000287s ]
INFO: Run Behavior\CheckLangBehavior [ RunTime:0.000427s ]
INFO: Run Common\Behavior\UrldecodeGetBehavior [ RunTime:0.000126s ]
INFO: [ app_begin ] --END-- [ RunTime:0.001045s ]
INFO: [ admin_begin ] --START--
INFO: Run Common\Behavior\AdminDefaultLangBehavior [ RunTime:0.000483s ]
INFO: [ admin_begin ] --END-- [ RunTime:0.000503s ]
INFO: [ view_parse ] --START--
INFO: [ template_filter ] --START--
INFO: Run Behavior\ContentReplaceBehavior [ RunTime:0.000041s ]
INFO: [ template_filter ] --END-- [ RunTime:0.000058s ]
INFO: Run Behavior\ParseTemplateBehavior [ RunTime:0.004929s ]
INFO: [ view_parse ] --END-- [ RunTime:0.004945s ]
INFO: [ view_filter ] --START--
INFO: Run Behavior\WriteHtmlCacheBehavior [ RunTime:0.000127s ]
INFO: Run Common\Behavior\TmplStripSpaceBehavior [ RunTime:0.000131s ]
INFO: [ view_filter ] --END-- [ RunTime:0.000276s ]
INFO: [ app_end ] --START--
INFO: Run Behavior\ShowPageTraceBehavior [ RunTime:0.000305s ]
INFO: [ app_end ] --END-- [ RunTime:0.000320s ]

[ 2018-04-12T02:28:35+08:00 ] 116.95.117.20 /Admin/public/dologin
INFO: [ app_begin ] --START--
INFO: Run Behavior\ReadHtmlCacheBehavior [ RunTime:0.000290s ]
INFO: Run Behavior\CheckLangBehavior [ RunTime:0.000391s ]
INFO: Run Common\Behavior\UrldecodeGetBehavior [ RunTime:0.000120s ]
INFO: [ app_begin ] --END-- [ RunTime:0.001008s ]
INFO: [ admin_begin ] --START--
INFO: Run Common\Behavior\AdminDefaultLangBehavior [ RunTime:0.000476s ]
INFO: [ admin_begin ] --END-- [ RunTime:0.000495s ]
SQL: SHOW COLUMNS FROM `jz_users` [ RunTime:0.0005s ]
SQL: SELECT * FROM `jz_users` WHERE `user_login` = 'admin' LIMIT 1   [ RunTime:0.0009s ]
SQL: SHOW COLUMNS FROM `jz_role_user` [ RunTime:0.0003s ]
SQL: SELECT `role_id` FROM jz_role_user a INNER JOIN jz_role as b on a.role_id =b.id  WHERE `user_id` = '1' AND `status` = 1  [ RunTime:0.0002s ]
SQL: UPDATE `jz_users` SET `user_login`='admin',`user_pass`='###9471563eb1136fd2a934867a1983bbc3',`user_nicename`='',`user_email`='jb@bb.bb',`user_url`='',`avatar`=NULL,`sex`='0',`birthday`=NULL,`signature`=NULL,`last_login_ip`='116.95.117.20',`last_login_time`='2018-04-12 02:28:35',`create_time`='2017-11-17 22:13:47',`user_activation_key`='',`user_status`='1',`score`='0',`user_type`='1',`coin`='0',`mobile`='' WHERE `id` = '1' [ RunTime:0.0002s ]

[ 2018-04-12T02:28:36+08:00 ] 116.95.117.20 /Admin/Index/index
INFO: [ app_begin ] --START--
INFO: Run Behavior\ReadHtmlCacheBehavior [ RunTime:0.000294s ]
INFO: Run Behavior\CheckLangBehavior [ RunTime:0.000444s ]
INFO: Run Common\Behavior\UrldecodeGetBehavior [ RunTime:0.000125s ]
INFO: [ app_begin ] --END-- [ RunTime:0.001074s ]
INFO: [ admin_begin ] --START--
INFO: Run Common\Behavior\AdminDefaultLangBehavior [ RunTime:0.000437s ]
INFO: [ admin_begin ] --END-- [ RunTime:0.000455s ]
SQL: SHOW COLUMNS FROM `jz_options` [ RunTime:0.0004s ]
SQL: SELECT `option_value` FROM `jz_options` WHERE `option_name` = 'bonus' LIMIT 1   [ RunTime:0.0008s ]
SQL: SHOW COLUMNS FROM `jz_users` [ RunTime:0.0004s ]
SQL: SELECT * FROM `jz_users` WHERE `id` = '1' LIMIT 1   [ RunTime:0.0002s ]
SQL: SHOW COLUMNS FROM `jz_menu` [ RunTime:0.0005s ]
SQL: SELECT * FROM `jz_menu` WHERE `parentid` = 0 AND `status` = 1 ORDER BY `listorder` ASC  [ RunTime:0.0010s ]
SQL: SELECT * FROM `jz_menu` WHERE `parentid` = 109 AND `status` = 1 ORDER BY `listorder` ASC  [ RunTime:0.0002s ]
SQL: SELECT * FROM `jz_menu` WHERE `parentid` = 110 AND `status` = 1 ORDER BY `listorder` ASC  [ RunTime:0.0002s ]
SQL: SELECT * FROM `jz_menu` WHERE `parentid` = 111 AND `status` = 1 ORDER BY `listorder` ASC  [ RunTime:0.0001s ]
SQL: SELECT * FROM `jz_menu` WHERE `parentid` = 113 AND `status` = 1 ORDER BY `listorder` ASC  [ RunTime:0.0001s ]
SQL: SELECT * FROM `jz_menu` WHERE `parentid` = 115 AND `status` = 1 ORDER BY `listorder` ASC  [ RunTime:0.0001s ]
SQL: SELECT * FROM `jz_menu` WHERE `parentid` = 139 AND `status` = 1 ORDER BY `listorder` ASC  [ RunTime:0.0001s ]
SQL: SELECT * FROM `jz_menu` WHERE `parentid` = 149 AND `status` = 1 ORDER BY `listorder` ASC  [ RunTime:0.0002s ]
SQL: SELECT * FROM `jz_menu` WHERE `parentid` = 188 AND `status` = 1 ORDER BY `listorder` ASC  [ RunTime:0.0002s ]
SQL: SELECT * FROM `jz_menu` WHERE `parentid` = 189 AND `status` = 1 ORDER BY `listorder` ASC  [ RunTime:0.0001s ]
SQL: SELECT * FROM `jz_menu` WHERE `parentid` = 190 AND `status` = 1 ORDER BY `listorder` ASC  [ RunTime:0.0001s ]
SQL: SELECT * FROM `jz_menu` WHERE `parentid` = 232 AND `status` = 1 ORDER BY `listorder` ASC  [ RunTime:0.0001s ]
SQL: SELECT * FROM `jz_menu` WHERE `parentid` = 225 AND `status` = 1 ORDER BY `listorder` ASC  [ RunTime:0.0002s ]
SQL: SELECT * FROM `jz_menu` WHERE `parentid` = 226 AND `status` = 1 ORDER BY `listorder` ASC  [ RunTime:0.0001s ]
SQL: SELECT * FROM `jz_menu` WHERE `parentid` = 227 AND `status` = 1 ORDER BY `listorder` ASC  [ RunTime:0.0001s ]
SQL: SELECT * FROM `jz_menu` WHERE `parentid` = 40 AND `status` = 1 ORDER BY `listorder` ASC  [ RunTime:0.0002s ]
SQL: SELECT * FROM `jz_menu` WHERE `parentid` = 41 AND `status` = 1 ORDER BY `listorder` ASC  [ RunTime:0.0002s ]
SQL: SELECT * FROM `jz_menu` WHERE `parentid` = 42 AND `status` = 1 ORDER BY `listorder` ASC  [ RunTime:0.0001s ]
SQL: SELECT * FROM `jz_menu` WHERE `parentid` = 221 AND `status` = 1 ORDER BY `listorder` ASC  [ RunTime:0.0002s ]
SQL: SELECT * FROM `jz_menu` WHERE `parentid` = 222 AND `status` = 1 ORDER BY `listorder` ASC  [ RunTime:0.0001s ]
SQL: SELECT * FROM `jz_menu` WHERE `parentid` = 223 AND `status` = 1 ORDER BY `listorder` ASC  [ RunTime:0.0001s ]
SQL: SELECT * FROM `jz_menu` WHERE `parentid` = 228 AND `status` = 1 ORDER BY `listorder` ASC  [ RunTime:0.0001s ]
INFO: [ view_parse ] --START--
INFO: [ template_filter ] --START--
INFO: Run Behavior\ContentReplaceBehavior [ RunTime:0.000105s ]
INFO: [ template_filter ] --END-- [ RunTime:0.000121s ]
NOTIC: [8] Undefined variable: Think /www/wwwroot/nkgj.qincin.com/data/runtime/Cache/Admin/13bee09a63877477cfa406b8dc9de5f1.php 第 167 行.
INFO: Run Behavior\ParseTemplateBehavior [ RunTime:0.012284s ]
INFO: [ view_parse ] --END-- [ RunTime:0.012299s ]
INFO: [ view_filter ] --START--
INFO: Run Behavior\WriteHtmlCacheBehavior [ RunTime:0.000130s ]
INFO: Run Common\Behavior\TmplStripSpaceBehavior [ RunTime:0.000129s ]
INFO: [ view_filter ] --END-- [ RunTime:0.000279s ]
INFO: [ app_end ] --START--
INFO: Run Behavior\ShowPageTraceBehavior [ RunTime:0.000306s ]
INFO: [ app_end ] --END-- [ RunTime:0.000320s ]

[ 2018-04-12T02:28:36+08:00 ] 116.95.117.20 /Admin/Main/index
INFO: [ app_begin ] --START--
INFO: Run Behavior\ReadHtmlCacheBehavior [ RunTime:0.000277s ]
INFO: Run Behavior\CheckLangBehavior [ RunTime:0.001178s ]
INFO: Run Common\Behavior\UrldecodeGetBehavior [ RunTime:0.000165s ]
INFO: [ app_begin ] --END-- [ RunTime:0.001867s ]
INFO: [ admin_begin ] --START--
INFO: Run Common\Behavior\AdminDefaultLangBehavior [ RunTime:0.000529s ]
INFO: [ admin_begin ] --END-- [ RunTime:0.000550s ]
SQL: SHOW COLUMNS FROM `jz_options` [ RunTime:0.0004s ]
SQL: SELECT `option_value` FROM `jz_options` WHERE `option_name` = 'bonus' LIMIT 1   [ RunTime:0.0001s ]
SQL: SHOW COLUMNS FROM `jz_users` [ RunTime:0.0004s ]
SQL: SELECT * FROM `jz_users` WHERE `id` = '1' LIMIT 1   [ RunTime:0.0001s ]
SQL: select VERSION() as version [ RunTime:0.0001s ]
INFO: [ view_parse ] --START--
INFO: [ template_filter ] --START--
INFO: Run Behavior\ContentReplaceBehavior [ RunTime:0.000044s ]
INFO: [ template_filter ] --END-- [ RunTime:0.000060s ]
INFO: Run Behavior\ParseTemplateBehavior [ RunTime:0.006264s ]
INFO: [ view_parse ] --END-- [ RunTime:0.006280s ]
INFO: [ view_filter ] --START--
INFO: Run Behavior\WriteHtmlCacheBehavior [ RunTime:0.000132s ]
INFO: Run Common\Behavior\TmplStripSpaceBehavior [ RunTime:0.000133s ]
INFO: [ view_filter ] --END-- [ RunTime:0.000286s ]
INFO: [ app_end ] --START--
INFO: Run Behavior\ShowPageTraceBehavior [ RunTime:0.000292s ]
INFO: [ app_end ] --END-- [ RunTime:0.000305s ]

[ 2018-04-12T02:33:04+08:00 ] 116.95.117.20 /index.php?g=admin&m=public&a=login
INFO: [ app_begin ] --START--
INFO: Run Behavior\ReadHtmlCacheBehavior [ RunTime:0.000270s ]
INFO: Run Behavior\CheckLangBehavior [ RunTime:0.000410s ]
INFO: Run Common\Behavior\UrldecodeGetBehavior [ RunTime:0.000124s ]
INFO: [ app_begin ] --END-- [ RunTime:0.001006s ]
INFO: [ admin_begin ] --START--
INFO: Run Common\Behavior\AdminDefaultLangBehavior [ RunTime:0.000439s ]
INFO: [ admin_begin ] --END-- [ RunTime:0.000459s ]

[ 2018-04-12T02:33:04+08:00 ] 116.95.117.20 /admin/index/index
INFO: [ app_begin ] --START--
INFO: Run Behavior\ReadHtmlCacheBehavior [ RunTime:0.000272s ]
INFO: Run Behavior\CheckLangBehavior [ RunTime:0.000395s ]
INFO: Run Common\Behavior\UrldecodeGetBehavior [ RunTime:0.000134s ]
INFO: [ app_begin ] --END-- [ RunTime:0.001040s ]
INFO: [ admin_begin ] --START--
INFO: Run Common\Behavior\AdminDefaultLangBehavior [ RunTime:0.000458s ]
INFO: [ admin_begin ] --END-- [ RunTime:0.000477s ]
SQL: SHOW COLUMNS FROM `jz_options` [ RunTime:0.0004s ]
SQL: SELECT `option_value` FROM `jz_options` WHERE `option_name` = 'bonus' LIMIT 1   [ RunTime:0.0001s ]
SQL: SHOW COLUMNS FROM `jz_users` [ RunTime:0.0003s ]
SQL: SELECT * FROM `jz_users` WHERE `id` = '1' LIMIT 1   [ RunTime:0.0001s ]
SQL: SHOW COLUMNS FROM `jz_menu` [ RunTime:0.0003s ]
SQL: SELECT * FROM `jz_menu` WHERE `parentid` = 0 AND `status` = 1 ORDER BY `listorder` ASC  [ RunTime:0.0001s ]
SQL: SELECT * FROM `jz_menu` WHERE `parentid` = 109 AND `status` = 1 ORDER BY `listorder` ASC  [ RunTime:0.0001s ]
SQL: SELECT * FROM `jz_menu` WHERE `parentid` = 110 AND `status` = 1 ORDER BY `listorder` ASC  [ RunTime:0.0001s ]
SQL: SELECT * FROM `jz_menu` WHERE `parentid` = 111 AND `status` = 1 ORDER BY `listorder` ASC  [ RunTime:0.0001s ]
SQL: SELECT * FROM `jz_menu` WHERE `parentid` = 113 AND `status` = 1 ORDER BY `listorder` ASC  [ RunTime:0.0001s ]
SQL: SELECT * FROM `jz_menu` WHERE `parentid` = 115 AND `status` = 1 ORDER BY `listorder` ASC  [ RunTime:0.0001s ]
SQL: SELECT * FROM `jz_menu` WHERE `parentid` = 139 AND `status` = 1 ORDER BY `listorder` ASC  [ RunTime:0.0001s ]
SQL: SELECT * FROM `jz_menu` WHERE `parentid` = 149 AND `status` = 1 ORDER BY `listorder` ASC  [ RunTime:0.0001s ]
SQL: SELECT * FROM `jz_menu` WHERE `parentid` = 188 AND `status` = 1 ORDER BY `listorder` ASC  [ RunTime:0.0001s ]
SQL: SELECT * FROM `jz_menu` WHERE `parentid` = 189 AND `status` = 1 ORDER BY `listorder` ASC  [ RunTime:0.0001s ]
SQL: SELECT * FROM `jz_menu` WHERE `parentid` = 190 AND `status` = 1 ORDER BY `listorder` ASC  [ RunTime:0.0001s ]
SQL: SELECT * FROM `jz_menu` WHERE `parentid` = 232 AND `status` = 1 ORDER BY `listorder` ASC  [ RunTime:0.0001s ]
SQL: SELECT * FROM `jz_menu` WHERE `parentid` = 225 AND `status` = 1 ORDER BY `listorder` ASC  [ RunTime:0.0001s ]
SQL: SELECT * FROM `jz_menu` WHERE `parentid` = 226 AND `status` = 1 ORDER BY `listorder` ASC  [ RunTime:0.0001s ]
SQL: SELECT * FROM `jz_menu` WHERE `parentid` = 227 AND `status` = 1 ORDER BY `listorder` ASC  [ RunTime:0.0001s ]
SQL: SELECT * FROM `jz_menu` WHERE `parentid` = 40 AND `status` = 1 ORDER BY `listorder` ASC  [ RunTime:0.0001s ]
SQL: SELECT * FROM `jz_menu` WHERE `parentid` = 41 AND `status` = 1 ORDER BY `listorder` ASC  [ RunTime:0.0001s ]
SQL: SELECT * FROM `jz_menu` WHERE `parentid` = 42 AND `status` = 1 ORDER BY `listorder` ASC  [ RunTime:0.0001s ]
SQL: SELECT * FROM `jz_menu` WHERE `parentid` = 221 AND `status` = 1 ORDER BY `listorder` ASC  [ RunTime:0.0001s ]
SQL: SELECT * FROM `jz_menu` WHERE `parentid` = 222 AND `status` = 1 ORDER BY `listorder` ASC  [ RunTime:0.0001s ]
SQL: SELECT * FROM `jz_menu` WHERE `parentid` = 223 AND `status` = 1 ORDER BY `listorder` ASC  [ RunTime:0.0001s ]
SQL: SELECT * FROM `jz_menu` WHERE `parentid` = 228 AND `status` = 1 ORDER BY `listorder` ASC  [ RunTime:0.0001s ]
INFO: [ view_parse ] --START--
INFO: [ template_filter ] --START--
INFO: Run Behavior\ContentReplaceBehavior [ RunTime:0.000102s ]
INFO: [ template_filter ] --END-- [ RunTime:0.000118s ]
NOTIC: [8] Undefined variable: Think /www/wwwroot/nkgj.qincin.com/data/runtime/Cache/Admin/13bee09a63877477cfa406b8dc9de5f1.php 第 167 行.
INFO: Run Behavior\ParseTemplateBehavior [ RunTime:0.007057s ]
INFO: [ view_parse ] --END-- [ RunTime:0.007073s ]
INFO: [ view_filter ] --START--
INFO: Run Behavior\WriteHtmlCacheBehavior [ RunTime:0.000127s ]
INFO: Run Common\Behavior\TmplStripSpaceBehavior [ RunTime:0.000139s ]
INFO: [ view_filter ] --END-- [ RunTime:0.000285s ]
INFO: [ app_end ] --START--
INFO: Run Behavior\ShowPageTraceBehavior [ RunTime:0.000286s ]
INFO: [ app_end ] --END-- [ RunTime:0.000300s ]

[ 2018-04-12T02:33:04+08:00 ] 116.95.117.20 /Admin/Main/index
INFO: [ app_begin ] --START--
INFO: Run Behavior\ReadHtmlCacheBehavior [ RunTime:0.000267s ]
INFO: Run Behavior\CheckLangBehavior [ RunTime:0.000473s ]
INFO: Run Common\Behavior\UrldecodeGetBehavior [ RunTime:0.000124s ]
INFO: [ app_begin ] --END-- [ RunTime:0.001073s ]
INFO: [ admin_begin ] --START--
INFO: Run Common\Behavior\AdminDefaultLangBehavior [ RunTime:0.000499s ]
INFO: [ admin_begin ] --END-- [ RunTime:0.000519s ]
SQL: SHOW COLUMNS FROM `jz_options` [ RunTime:0.0004s ]
SQL: SELECT `option_value` FROM `jz_options` WHERE `option_name` = 'bonus' LIMIT 1   [ RunTime:0.0001s ]
SQL: SHOW COLUMNS FROM `jz_users` [ RunTime:0.0003s ]
SQL: SELECT * FROM `jz_users` WHERE `id` = '1' LIMIT 1   [ RunTime:0.0001s ]
SQL: select VERSION() as version [ RunTime:0.0001s ]
INFO: [ view_parse ] --START--
INFO: [ template_filter ] --START--
INFO: Run Behavior\ContentReplaceBehavior [ RunTime:0.000042s ]
INFO: [ template_filter ] --END-- [ RunTime:0.000058s ]
INFO: Run Behavior\ParseTemplateBehavior [ RunTime:0.005050s ]
INFO: [ view_parse ] --END-- [ RunTime:0.005065s ]
INFO: [ view_filter ] --START--
INFO: Run Behavior\WriteHtmlCacheBehavior [ RunTime:0.000126s ]
INFO: Run Common\Behavior\TmplStripSpaceBehavior [ RunTime:0.000128s ]
INFO: [ view_filter ] --END-- [ RunTime:0.000273s ]
INFO: [ app_end ] --START--
INFO: Run Behavior\ShowPageTraceBehavior [ RunTime:0.000350s ]
INFO: [ app_end ] --END-- [ RunTime:0.000364s ]

[ 2018-04-12T02:33:25+08:00 ] 116.95.117.20 /Admin/User/userinfo
INFO: [ app_begin ] --START--
INFO: Run Behavior\ReadHtmlCacheBehavior [ RunTime:0.000279s ]
INFO: Run Behavior\CheckLangBehavior [ RunTime:0.001480s ]
INFO: Run Common\Behavior\UrldecodeGetBehavior [ RunTime:0.000172s ]
INFO: [ app_begin ] --END-- [ RunTime:0.002145s ]
INFO: [ admin_begin ] --START--
INFO: Run Common\Behavior\AdminDefaultLangBehavior [ RunTime:0.000526s ]
INFO: [ admin_begin ] --END-- [ RunTime:0.000547s ]
SQL: SHOW COLUMNS FROM `jz_options` [ RunTime:0.0004s ]
SQL: SELECT `option_value` FROM `jz_options` WHERE `option_name` = 'bonus' LIMIT 1   [ RunTime:0.0001s ]
SQL: SHOW COLUMNS FROM `jz_users` [ RunTime:0.0004s ]
SQL: SELECT * FROM `jz_users` WHERE `id` = '1' LIMIT 1   [ RunTime:0.0001s ]
SQL: SHOW COLUMNS FROM `jz_users` [ RunTime:0.0003s ]
SQL: SHOW COLUMNS FROM `jz_role` [ RunTime:0.0003s ]
SQL: SELECT * FROM `jz_users` WHERE `id` = '1' LIMIT 1   [ RunTime:0.0001s ]
INFO: [ view_parse ] --START--
INFO: [ template_filter ] --START--
INFO: Run Behavior\ContentReplaceBehavior [ RunTime:0.000048s ]
INFO: [ template_filter ] --END-- [ RunTime:0.000064s ]
INFO: Run Behavior\ParseTemplateBehavior [ RunTime:0.005916s ]
INFO: [ view_parse ] --END-- [ RunTime:0.005932s ]
INFO: [ view_filter ] --START--
INFO: Run Behavior\WriteHtmlCacheBehavior [ RunTime:0.000127s ]
INFO: Run Common\Behavior\TmplStripSpaceBehavior [ RunTime:0.000128s ]
INFO: [ view_filter ] --END-- [ RunTime:0.000273s ]
INFO: [ app_end ] --START--
INFO: Run Behavior\ShowPageTraceBehavior [ RunTime:0.000289s ]
INFO: [ app_end ] --END-- [ RunTime:0.000316s ]

[ 2018-04-12T02:33:27+08:00 ] 116.95.117.20 /Admin/setting/password
INFO: [ app_begin ] --START--
INFO: Run Behavior\ReadHtmlCacheBehavior [ RunTime:0.000270s ]
INFO: Run Behavior\CheckLangBehavior [ RunTime:0.001240s ]
INFO: Run Common\Behavior\UrldecodeGetBehavior [ RunTime:0.000129s ]
INFO: [ app_begin ] --END-- [ RunTime:0.001859s ]
INFO: [ admin_begin ] --START--
INFO: Run Common\Behavior\AdminDefaultLangBehavior [ RunTime:0.000526s ]
INFO: [ admin_begin ] --END-- [ RunTime:0.000546s ]
SQL: SHOW COLUMNS FROM `jz_options` [ RunTime:0.0004s ]
SQL: SELECT `option_value` FROM `jz_options` WHERE `option_name` = 'bonus' LIMIT 1   [ RunTime:0.0001s ]
SQL: SHOW COLUMNS FROM `jz_users` [ RunTime:0.0003s ]
SQL: SELECT * FROM `jz_users` WHERE `id` = '1' LIMIT 1   [ RunTime:0.0001s ]
SQL: SHOW COLUMNS FROM `jz_options` [ RunTime:0.0003s ]
INFO: [ view_parse ] --START--
INFO: [ template_filter ] --START--
INFO: Run Behavior\ContentReplaceBehavior [ RunTime:0.000046s ]
INFO: [ template_filter ] --END-- [ RunTime:0.000061s ]
INFO: Run Behavior\ParseTemplateBehavior [ RunTime:0.006321s ]
INFO: [ view_parse ] --END-- [ RunTime:0.006337s ]
INFO: [ view_filter ] --START--
INFO: Run Behavior\WriteHtmlCacheBehavior [ RunTime:0.000125s ]
INFO: Run Common\Behavior\TmplStripSpaceBehavior [ RunTime:0.000129s ]
INFO: [ view_filter ] --END-- [ RunTime:0.000273s ]
INFO: [ app_end ] --START--
INFO: Run Behavior\ShowPageTraceBehavior [ RunTime:0.000299s ]
INFO: [ app_end ] --END-- [ RunTime:0.000312s ]

[ 2018-04-12T02:33:28+08:00 ] 116.95.117.20 /Admin/User/userinfo
INFO: [ app_begin ] --START--
INFO: Run Behavior\ReadHtmlCacheBehavior [ RunTime:0.000291s ]
INFO: Run Behavior\CheckLangBehavior [ RunTime:0.000473s ]
INFO: Run Common\Behavior\UrldecodeGetBehavior [ RunTime:0.000129s ]
INFO: [ app_begin ] --END-- [ RunTime:0.001107s ]
INFO: [ admin_begin ] --START--
INFO: Run Common\Behavior\AdminDefaultLangBehavior [ RunTime:0.000534s ]
INFO: [ admin_begin ] --END-- [ RunTime:0.000554s ]
SQL: SHOW COLUMNS FROM `jz_options` [ RunTime:0.0005s ]
SQL: SELECT `option_value` FROM `jz_options` WHERE `option_name` = 'bonus' LIMIT 1   [ RunTime:0.0001s ]
SQL: SHOW COLUMNS FROM `jz_users` [ RunTime:0.0004s ]
SQL: SELECT * FROM `jz_users` WHERE `id` = '1' LIMIT 1   [ RunTime:0.0001s ]
SQL: SHOW COLUMNS FROM `jz_users` [ RunTime:0.0003s ]
SQL: SHOW COLUMNS FROM `jz_role` [ RunTime:0.0003s ]
SQL: SELECT * FROM `jz_users` WHERE `id` = '1' LIMIT 1   [ RunTime:0.0001s ]
INFO: [ view_parse ] --START--
INFO: [ template_filter ] --START--
INFO: Run Behavior\ContentReplaceBehavior [ RunTime:0.000049s ]
INFO: [ template_filter ] --END-- [ RunTime:0.000065s ]
INFO: Run Behavior\ParseTemplateBehavior [ RunTime:0.005271s ]
INFO: [ view_parse ] --END-- [ RunTime:0.005287s ]
INFO: [ view_filter ] --START--
INFO: Run Behavior\WriteHtmlCacheBehavior [ RunTime:0.000129s ]
INFO: Run Common\Behavior\TmplStripSpaceBehavior [ RunTime:0.000129s ]
INFO: [ view_filter ] --END-- [ RunTime:0.000277s ]
INFO: [ app_end ] --START--
INFO: Run Behavior\ShowPageTraceBehavior [ RunTime:0.000313s ]
INFO: [ app_end ] --END-- [ RunTime:0.000327s ]

[ 2018-04-12T02:33:36+08:00 ] 116.95.117.20 /Admin/setting/password
INFO: [ app_begin ] --START--
INFO: Run Behavior\ReadHtmlCacheBehavior [ RunTime:0.000284s ]
INFO: Run Behavior\CheckLangBehavior [ RunTime:0.000481s ]
INFO: Run Common\Behavior\UrldecodeGetBehavior [ RunTime:0.000130s ]
INFO: [ app_begin ] --END-- [ RunTime:0.001107s ]
INFO: [ admin_begin ] --START--
INFO: Run Common\Behavior\AdminDefaultLangBehavior [ RunTime:0.000533s ]
INFO: [ admin_begin ] --END-- [ RunTime:0.000553s ]
SQL: SHOW COLUMNS FROM `jz_options` [ RunTime:0.0006s ]
SQL: SELECT `option_value` FROM `jz_options` WHERE `option_name` = 'bonus' LIMIT 1   [ RunTime:0.0001s ]
SQL: SHOW COLUMNS FROM `jz_users` [ RunTime:0.0004s ]
SQL: SELECT * FROM `jz_users` WHERE `id` = '1' LIMIT 1   [ RunTime:0.0001s ]
SQL: SHOW COLUMNS FROM `jz_options` [ RunTime:0.0003s ]
INFO: [ view_parse ] --START--
INFO: [ template_filter ] --START--
INFO: Run Behavior\ContentReplaceBehavior [ RunTime:0.000047s ]
INFO: [ template_filter ] --END-- [ RunTime:0.000064s ]
INFO: Run Behavior\ParseTemplateBehavior [ RunTime:0.005142s ]
INFO: [ view_parse ] --END-- [ RunTime:0.005158s ]
INFO: [ view_filter ] --START--
INFO: Run Behavior\WriteHtmlCacheBehavior [ RunTime:0.000156s ]
INFO: Run Common\Behavior\TmplStripSpaceBehavior [ RunTime:0.000136s ]
INFO: [ view_filter ] --END-- [ RunTime:0.000312s ]
INFO: [ app_end ] --START--
INFO: Run Behavior\ShowPageTraceBehavior [ RunTime:0.000350s ]
INFO: [ app_end ] --END-- [ RunTime:0.000364s ]

[ 2018-04-12T02:33:54+08:00 ] 116.95.117.20 /Admin/setting/password_post
INFO: [ app_begin ] --START--
INFO: Run Behavior\ReadHtmlCacheBehavior [ RunTime:0.000289s ]
INFO: Run Behavior\CheckLangBehavior [ RunTime:0.000450s ]
INFO: Run Common\Behavior\UrldecodeGetBehavior [ RunTime:0.000124s ]
INFO: [ app_begin ] --END-- [ RunTime:0.001070s ]
INFO: [ admin_begin ] --START--
INFO: Run Common\Behavior\AdminDefaultLangBehavior [ RunTime:0.000557s ]
INFO: [ admin_begin ] --END-- [ RunTime:0.000575s ]
SQL: SHOW COLUMNS FROM `jz_options` [ RunTime:0.0004s ]
SQL: SELECT `option_value` FROM `jz_options` WHERE `option_name` = 'bonus' LIMIT 1   [ RunTime:0.0001s ]
SQL: SHOW COLUMNS FROM `jz_users` [ RunTime:0.0004s ]
SQL: SELECT * FROM `jz_users` WHERE `id` = '1' LIMIT 1   [ RunTime:0.0001s ]
SQL: SHOW COLUMNS FROM `jz_options` [ RunTime:0.0003s ]

[ 2018-04-12T02:33:59+08:00 ] 116.95.117.20 /Admin/setting/password_post
INFO: [ app_begin ] --START--
INFO: Run Behavior\ReadHtmlCacheBehavior [ RunTime:0.000292s ]
INFO: Run Behavior\CheckLangBehavior [ RunTime:0.000502s ]
INFO: Run Common\Behavior\UrldecodeGetBehavior [ RunTime:0.000126s ]
INFO: [ app_begin ] --END-- [ RunTime:0.001133s ]
INFO: [ admin_begin ] --START--
INFO: Run Common\Behavior\AdminDefaultLangBehavior [ RunTime:0.000564s ]
INFO: [ admin_begin ] --END-- [ RunTime:0.000583s ]
SQL: SHOW COLUMNS FROM `jz_options` [ RunTime:0.0004s ]
SQL: SELECT `option_value` FROM `jz_options` WHERE `option_name` = 'bonus' LIMIT 1   [ RunTime:0.0001s ]
SQL: SHOW COLUMNS FROM `jz_users` [ RunTime:0.0003s ]
SQL: SELECT * FROM `jz_users` WHERE `id` = '1' LIMIT 1   [ RunTime:0.0001s ]
SQL: SHOW COLUMNS FROM `jz_options` [ RunTime:0.0003s ]
SQL: SHOW COLUMNS FROM `jz_users` [ RunTime:0.0004s ]
SQL: SELECT * FROM `jz_users` WHERE `id` = '1' LIMIT 1   [ RunTime:0.0001s ]
SQL: UPDATE `jz_users` SET `user_pass`='###0387aa9d63ec9911dbe07d8f5fda1f91' WHERE `id` = '1' [ RunTime:0.0002s ]

[ 2018-04-12T02:33:59+08:00 ] 116.95.117.20 /Admin/setting/password
INFO: [ app_begin ] --START--
INFO: Run Behavior\ReadHtmlCacheBehavior [ RunTime:0.000312s ]
INFO: Run Behavior\CheckLangBehavior [ RunTime:0.000524s ]
INFO: Run Common\Behavior\UrldecodeGetBehavior [ RunTime:0.000125s ]
INFO: [ app_begin ] --END-- [ RunTime:0.001168s ]
INFO: [ admin_begin ] --START--
INFO: Run Common\Behavior\AdminDefaultLangBehavior [ RunTime:0.000642s ]
INFO: [ admin_begin ] --END-- [ RunTime:0.000662s ]
SQL: SHOW COLUMNS FROM `jz_options` [ RunTime:0.0005s ]
SQL: SELECT `option_value` FROM `jz_options` WHERE `option_name` = 'bonus' LIMIT 1   [ RunTime:0.0001s ]
SQL: SHOW COLUMNS FROM `jz_users` [ RunTime:0.0004s ]
SQL: SELECT * FROM `jz_users` WHERE `id` = '1' LIMIT 1   [ RunTime:0.0002s ]
SQL: SHOW COLUMNS FROM `jz_options` [ RunTime:0.0003s ]
INFO: [ view_parse ] --START--
INFO: [ template_filter ] --START--
INFO: Run Behavior\ContentReplaceBehavior [ RunTime:0.000039s ]
INFO: [ template_filter ] --END-- [ RunTime:0.000055s ]
INFO: Run Behavior\ParseTemplateBehavior [ RunTime:0.003826s ]
INFO: [ view_parse ] --END-- [ RunTime:0.003851s ]
INFO: [ view_filter ] --START--
INFO: Run Behavior\WriteHtmlCacheBehavior [ RunTime:0.000148s ]
INFO: Run Common\Behavior\TmplStripSpaceBehavior [ RunTime:0.000131s ]
INFO: [ view_filter ] --END-- [ RunTime:0.000298s ]
INFO: [ app_end ] --START--
INFO: Run Behavior\ShowPageTraceBehavior [ RunTime:0.000294s ]
INFO: [ app_end ] --END-- [ RunTime:0.000307s ]

[ 2018-04-12T02:45:10+08:00 ] 106.120.160.109 /index.php?g=admin&m=public&a=login
INFO: [ app_begin ] --START--
INFO: Run Behavior\ReadHtmlCacheBehavior [ RunTime:0.000270s ]
INFO: Run Behavior\CheckLangBehavior [ RunTime:0.000497s ]
INFO: Run Common\Behavior\UrldecodeGetBehavior [ RunTime:0.000136s ]
INFO: [ app_begin ] --END-- [ RunTime:0.001112s ]
INFO: [ admin_begin ] --START--
INFO: Run Common\Behavior\AdminDefaultLangBehavior [ RunTime:0.000444s ]
INFO: [ admin_begin ] --END-- [ RunTime:0.000463s ]
INFO: [ view_parse ] --START--
INFO: [ template_filter ] --START--
INFO: Run Behavior\ContentReplaceBehavior [ RunTime:0.000032s ]
INFO: [ template_filter ] --END-- [ RunTime:0.000047s ]
INFO: Run Behavior\ParseTemplateBehavior [ RunTime:0.003770s ]
INFO: [ view_parse ] --END-- [ RunTime:0.003785s ]
INFO: [ view_filter ] --START--
INFO: Run Behavior\WriteHtmlCacheBehavior [ RunTime:0.000121s ]
INFO: Run Common\Behavior\TmplStripSpaceBehavior [ RunTime:0.000143s ]
INFO: [ view_filter ] --END-- [ RunTime:0.000284s ]
INFO: [ app_end ] --START--
INFO: Run Behavior\ShowPageTraceBehavior [ RunTime:0.000290s ]
INFO: [ app_end ] --END-- [ RunTime:0.000303s ]

[ 2018-04-12T02:51:05+08:00 ] 182.118.20.149 /index.php?g=admin&m=public&a=login
INFO: [ app_begin ] --START--
INFO: Run Behavior\ReadHtmlCacheBehavior [ RunTime:0.000914s ]
INFO: Run Behavior\CheckLangBehavior [ RunTime:0.004688s ]
INFO: Run Common\Behavior\UrldecodeGetBehavior [ RunTime:0.000601s ]
INFO: [ app_begin ] --END-- [ RunTime:0.006993s ]
INFO: [ admin_begin ] --START--
INFO: Run Common\Behavior\AdminDefaultLangBehavior [ RunTime:0.001033s ]
INFO: [ admin_begin ] --END-- [ RunTime:0.001052s ]
INFO: [ view_parse ] --START--
INFO: [ template_filter ] --START--
INFO: Run Behavior\ContentReplaceBehavior [ RunTime:0.000046s ]
INFO: [ template_filter ] --END-- [ RunTime:0.000065s ]
INFO: Run Behavior\ParseTemplateBehavior [ RunTime:0.015144s ]
INFO: [ view_parse ] --END-- [ RunTime:0.015162s ]
INFO: [ view_filter ] --START--
INFO: Run Behavior\WriteHtmlCacheBehavior [ RunTime:0.000607s ]
INFO: Run Common\Behavior\TmplStripSpaceBehavior [ RunTime:0.000615s ]
INFO: [ view_filter ] --END-- [ RunTime:0.001243s ]
INFO: [ app_end ] --START--
INFO: Run Behavior\ShowPageTraceBehavior [ RunTime:0.000876s ]
INFO: [ app_end ] --END-- [ RunTime:0.000890s ]

[ 2018-04-12T02:51:18+08:00 ] 101.199.112.45 /index.php?g=admin&m=public&a=login
INFO: [ app_begin ] --START--
INFO: Run Behavior\ReadHtmlCacheBehavior [ RunTime:0.000266s ]
INFO: Run Behavior\CheckLangBehavior [ RunTime:0.000560s ]
INFO: Run Common\Behavior\UrldecodeGetBehavior [ RunTime:0.000124s ]
INFO: [ app_begin ] --END-- [ RunTime:0.001154s ]
INFO: [ admin_begin ] --START--
INFO: Run Common\Behavior\AdminDefaultLangBehavior [ RunTime:0.000452s ]
INFO: [ admin_begin ] --END-- [ RunTime:0.000470s ]
INFO: [ view_parse ] --START--
INFO: [ template_filter ] --START--
INFO: Run Behavior\ContentReplaceBehavior [ RunTime:0.000039s ]
INFO: [ template_filter ] --END-- [ RunTime:0.000054s ]
INFO: Run Behavior\ParseTemplateBehavior [ RunTime:0.004707s ]
INFO: [ view_parse ] --END-- [ RunTime:0.004722s ]
INFO: [ view_filter ] --START--
INFO: Run Behavior\WriteHtmlCacheBehavior [ RunTime:0.000123s ]
INFO: Run Common\Behavior\TmplStripSpaceBehavior [ RunTime:0.000145s ]
INFO: [ view_filter ] --END-- [ RunTime:0.000286s ]
INFO: [ app_end ] --START--
INFO: Run Behavior\ShowPageTraceBehavior [ RunTime:0.000284s ]
INFO: [ app_end ] --END-- [ RunTime:0.000297s ]

[ 2018-04-12T03:09:50+08:00 ] 116.95.117.20 /Admin/Index/index
INFO: [ app_begin ] --START--
INFO: Run Behavior\ReadHtmlCacheBehavior [ RunTime:0.000287s ]
INFO: Run Behavior\CheckLangBehavior [ RunTime:0.001017s ]
INFO: Run Common\Behavior\UrldecodeGetBehavior [ RunTime:0.000135s ]
INFO: [ app_begin ] --END-- [ RunTime:0.001658s ]
INFO: [ admin_begin ] --START--
INFO: Run Common\Behavior\AdminDefaultLangBehavior [ RunTime:0.001250s ]
INFO: [ admin_begin ] --END-- [ RunTime:0.001270s ]
SQL: SHOW COLUMNS FROM `jz_options` [ RunTime:0.0004s ]
SQL: SELECT `option_value` FROM `jz_options` WHERE `option_name` = 'bonus' LIMIT 1   [ RunTime:0.0001s ]
SQL: SHOW COLUMNS FROM `jz_users` [ RunTime:0.0018s ]
SQL: SELECT * FROM `jz_users` WHERE `id` = '1' LIMIT 1   [ RunTime:0.0006s ]
SQL: SHOW COLUMNS FROM `jz_menu` [ RunTime:0.0031s ]
SQL: SELECT * FROM `jz_menu` WHERE `parentid` = 0 AND `status` = 1 ORDER BY `listorder` ASC  [ RunTime:0.0010s ]
SQL: SELECT * FROM `jz_menu` WHERE `parentid` = 109 AND `status` = 1 ORDER BY `listorder` ASC  [ RunTime:0.0002s ]
SQL: SELECT * FROM `jz_menu` WHERE `parentid` = 110 AND `status` = 1 ORDER BY `listorder` ASC  [ RunTime:0.0002s ]
SQL: SELECT * FROM `jz_menu` WHERE `parentid` = 111 AND `status` = 1 ORDER BY `listorder` ASC  [ RunTime:0.0002s ]
SQL: SELECT * FROM `jz_menu` WHERE `parentid` = 113 AND `status` = 1 ORDER BY `listorder` ASC  [ RunTime:0.0001s ]
SQL: SELECT * FROM `jz_menu` WHERE `parentid` = 115 AND `status` = 1 ORDER BY `listorder` ASC  [ RunTime:0.0002s ]
SQL: SELECT * FROM `jz_menu` WHERE `parentid` = 139 AND `status` = 1 ORDER BY `listorder` ASC  [ RunTime:0.0002s ]
SQL: SELECT * FROM `jz_menu` WHERE `parentid` = 149 AND `status` = 1 ORDER BY `listorder` ASC  [ RunTime:0.0001s ]
SQL: SELECT * FROM `jz_menu` WHERE `parentid` = 188 AND `status` = 1 ORDER BY `listorder` ASC  [ RunTime:0.0002s ]
SQL: SELECT * FROM `jz_menu` WHERE `parentid` = 189 AND `status` = 1 ORDER BY `listorder` ASC  [ RunTime:0.0001s ]
SQL: SELECT * FROM `jz_menu` WHERE `parentid` = 190 AND `status` = 1 ORDER BY `listorder` ASC  [ RunTime:0.0001s ]
SQL: SELECT * FROM `jz_menu` WHERE `parentid` = 232 AND `status` = 1 ORDER BY `listorder` ASC  [ RunTime:0.0001s ]
SQL: SELECT * FROM `jz_menu` WHERE `parentid` = 225 AND `status` = 1 ORDER BY `listorder` ASC  [ RunTime:0.0002s ]
SQL: SELECT * FROM `jz_menu` WHERE `parentid` = 226 AND `status` = 1 ORDER BY `listorder` ASC  [ RunTime:0.0002s ]
SQL: SELECT * FROM `jz_menu` WHERE `parentid` = 227 AND `status` = 1 ORDER BY `listorder` ASC  [ RunTime:0.0001s ]
SQL: SELECT * FROM `jz_menu` WHERE `parentid` = 40 AND `status` = 1 ORDER BY `listorder` ASC  [ RunTime:0.0002s ]
SQL: SELECT * FROM `jz_menu` WHERE `parentid` = 41 AND `status` = 1 ORDER BY `listorder` ASC  [ RunTime:0.0001s ]
SQL: SELECT * FROM `jz_menu` WHERE `parentid` = 42 AND `status` = 1 ORDER BY `listorder` ASC  [ RunTime:0.0003s ]
SQL: SELECT * FROM `jz_menu` WHERE `parentid` = 221 AND `status` = 1 ORDER BY `listorder` ASC  [ RunTime:0.0002s ]
SQL: SELECT * FROM `jz_menu` WHERE `parentid` = 222 AND `status` = 1 ORDER BY `listorder` ASC  [ RunTime:0.0002s ]
SQL: SELECT * FROM `jz_menu` WHERE `parentid` = 223 AND `status` = 1 ORDER BY `listorder` ASC  [ RunTime:0.0002s ]
SQL: SELECT * FROM `jz_menu` WHERE `parentid` = 228 AND `status` = 1 ORDER BY `listorder` ASC  [ RunTime:0.0002s ]
INFO: [ view_parse ] --START--
INFO: [ template_filter ] --START--
INFO: Run Behavior\ContentReplaceBehavior [ RunTime:0.000106s ]
INFO: [ template_filter ] --END-- [ RunTime:0.000123s ]
NOTIC: [8] Undefined variable: Think /www/wwwroot/nkgj.qincin.com/data/runtime/Cache/Admin/13bee09a63877477cfa406b8dc9de5f1.php 第 167 行.
INFO: Run Behavior\ParseTemplateBehavior [ RunTime:0.018506s ]
INFO: [ view_parse ] --END-- [ RunTime:0.018525s ]
INFO: [ view_filter ] --START--
INFO: Run Behavior\WriteHtmlCacheBehavior [ RunTime:0.000152s ]
INFO: Run Common\Behavior\TmplStripSpaceBehavior [ RunTime:0.000182s ]
INFO: [ view_filter ] --END-- [ RunTime:0.000360s ]
INFO: [ app_end ] --START--
INFO: Run Behavior\ShowPageTraceBehavior [ RunTime:0.000324s ]
INFO: [ app_end ] --END-- [ RunTime:0.000340s ]

[ 2018-04-12T03:09:50+08:00 ] 116.95.117.20 /Admin/Main/index
INFO: [ app_begin ] --START--
INFO: Run Behavior\ReadHtmlCacheBehavior [ RunTime:0.000313s ]
INFO: Run Behavior\CheckLangBehavior [ RunTime:0.001440s ]
INFO: Run Common\Behavior\UrldecodeGetBehavior [ RunTime:0.000148s ]
INFO: [ app_begin ] --END-- [ RunTime:0.002117s ]
INFO: [ admin_begin ] --START--
INFO: Run Common\Behavior\AdminDefaultLangBehavior [ RunTime:0.000534s ]
INFO: [ admin_begin ] --END-- [ RunTime:0.000555s ]
SQL: SHOW COLUMNS FROM `jz_options` [ RunTime:0.0004s ]
SQL: SELECT `option_value` FROM `jz_options` WHERE `option_name` = 'bonus' LIMIT 1   [ RunTime:0.0001s ]
SQL: SHOW COLUMNS FROM `jz_users` [ RunTime:0.0004s ]
SQL: SELECT * FROM `jz_users` WHERE `id` = '1' LIMIT 1   [ RunTime:0.0001s ]
SQL: select VERSION() as version [ RunTime:0.0001s ]
INFO: [ view_parse ] --START--
INFO: [ template_filter ] --START--
INFO: Run Behavior\ContentReplaceBehavior [ RunTime:0.000063s ]
INFO: [ template_filter ] --END-- [ RunTime:0.000082s ]
INFO: Run Behavior\ParseTemplateBehavior [ RunTime:0.007403s ]
INFO: [ view_parse ] --END-- [ RunTime:0.007420s ]
INFO: [ view_filter ] --START--
INFO: Run Behavior\WriteHtmlCacheBehavior [ RunTime:0.000157s ]
INFO: Run Common\Behavior\TmplStripSpaceBehavior [ RunTime:0.000252s ]
INFO: [ view_filter ] --END-- [ RunTime:0.000436s ]
INFO: [ app_end ] --START--
INFO: Run Behavior\ShowPageTraceBehavior [ RunTime:0.000341s ]
INFO: [ app_end ] --END-- [ RunTime:0.000355s ]

[ 2018-04-12T03:09:55+08:00 ] 116.95.117.20 /Admin/Index/index
INFO: [ app_begin ] --START--
INFO: Run Behavior\ReadHtmlCacheBehavior [ RunTime:0.000288s ]
INFO: Run Behavior\CheckLangBehavior [ RunTime:0.000432s ]
INFO: Run Common\Behavior\UrldecodeGetBehavior [ RunTime:0.000130s ]
INFO: [ app_begin ] --END-- [ RunTime:0.001071s ]
INFO: [ admin_begin ] --START--
INFO: Run Common\Behavior\AdminDefaultLangBehavior [ RunTime:0.000474s ]
INFO: [ admin_begin ] --END-- [ RunTime:0.000494s ]
SQL: SHOW COLUMNS FROM `jz_options` [ RunTime:0.0004s ]
SQL: SELECT `option_value` FROM `jz_options` WHERE `option_name` = 'bonus' LIMIT 1   [ RunTime:0.0001s ]
SQL: SHOW COLUMNS FROM `jz_users` [ RunTime:0.0004s ]
SQL: SELECT * FROM `jz_users` WHERE `id` = '1' LIMIT 1   [ RunTime:0.0001s ]
SQL: SHOW COLUMNS FROM `jz_menu` [ RunTime:0.0003s ]
SQL: SELECT * FROM `jz_menu` WHERE `parentid` = 0 AND `status` = 1 ORDER BY `listorder` ASC  [ RunTime:0.0001s ]
SQL: SELECT * FROM `jz_menu` WHERE `parentid` = 109 AND `status` = 1 ORDER BY `listorder` ASC  [ RunTime:0.0001s ]
SQL: SELECT * FROM `jz_menu` WHERE `parentid` = 110 AND `status` = 1 ORDER BY `listorder` ASC  [ RunTime:0.0001s ]
SQL: SELECT * FROM `jz_menu` WHERE `parentid` = 111 AND `status` = 1 ORDER BY `listorder` ASC  [ RunTime:0.0001s ]
SQL: SELECT * FROM `jz_menu` WHERE `parentid` = 113 AND `status` = 1 ORDER BY `listorder` ASC  [ RunTime:0.0001s ]
SQL: SELECT * FROM `jz_menu` WHERE `parentid` = 115 AND `status` = 1 ORDER BY `listorder` ASC  [ RunTime:0.0001s ]
SQL: SELECT * FROM `jz_menu` WHERE `parentid` = 139 AND `status` = 1 ORDER BY `listorder` ASC  [ RunTime:0.0001s ]
SQL: SELECT * FROM `jz_menu` WHERE `parentid` = 149 AND `status` = 1 ORDER BY `listorder` ASC  [ RunTime:0.0001s ]
SQL: SELECT * FROM `jz_menu` WHERE `parentid` = 188 AND `status` = 1 ORDER BY `listorder` ASC  [ RunTime:0.0001s ]
SQL: SELECT * FROM `jz_menu` WHERE `parentid` = 189 AND `status` = 1 ORDER BY `listorder` ASC  [ RunTime:0.0001s ]
SQL: SELECT * FROM `jz_menu` WHERE `parentid` = 190 AND `status` = 1 ORDER BY `listorder` ASC  [ RunTime:0.0001s ]
SQL: SELECT * FROM `jz_menu` WHERE `parentid` = 232 AND `status` = 1 ORDER BY `listorder` ASC  [ RunTime:0.0001s ]
SQL: SELECT * FROM `jz_menu` WHERE `parentid` = 225 AND `status` = 1 ORDER BY `listorder` ASC  [ RunTime:0.0001s ]
SQL: SELECT * FROM `jz_menu` WHERE `parentid` = 226 AND `status` = 1 ORDER BY `listorder` ASC  [ RunTime:0.0001s ]
SQL: SELECT * FROM `jz_menu` WHERE `parentid` = 227 AND `status` = 1 ORDER BY `listorder` ASC  [ RunTime:0.0001s ]
SQL: SELECT * FROM `jz_menu` WHERE `parentid` = 40 AND `status` = 1 ORDER BY `listorder` ASC  [ RunTime:0.0001s ]
SQL: SELECT * FROM `jz_menu` WHERE `parentid` = 41 AND `status` = 1 ORDER BY `listorder` ASC  [ RunTime:0.0001s ]
SQL: SELECT * FROM `jz_menu` WHERE `parentid` = 42 AND `status` = 1 ORDER BY `listorder` ASC  [ RunTime:0.0001s ]
SQL: SELECT * FROM `jz_menu` WHERE `parentid` = 221 AND `status` = 1 ORDER BY `listorder` ASC  [ RunTime:0.0001s ]
SQL: SELECT * FROM `jz_menu` WHERE `parentid` = 222 AND `status` = 1 ORDER BY `listorder` ASC  [ RunTime:0.0001s ]
SQL: SELECT * FROM `jz_menu` WHERE `parentid` = 223 AND `status` = 1 ORDER BY `listorder` ASC  [ RunTime:0.0001s ]
SQL: SELECT * FROM `jz_menu` WHERE `parentid` = 228 AND `status` = 1 ORDER BY `listorder` ASC  [ RunTime:0.0001s ]
INFO: [ view_parse ] --START--
INFO: [ template_filter ] --START--
INFO: Run Behavior\ContentReplaceBehavior [ RunTime:0.000104s ]
INFO: [ template_filter ] --END-- [ RunTime:0.000121s ]
NOTIC: [8] Undefined variable: Think /www/wwwroot/nkgj.qincin.com/data/runtime/Cache/Admin/13bee09a63877477cfa406b8dc9de5f1.php 第 167 行.
INFO: Run Behavior\ParseTemplateBehavior [ RunTime:0.007128s ]
INFO: [ view_parse ] --END-- [ RunTime:0.007143s ]
INFO: [ view_filter ] --START--
INFO: Run Behavior\WriteHtmlCacheBehavior [ RunTime:0.000150s ]
INFO: Run Common\Behavior\TmplStripSpaceBehavior [ RunTime:0.000140s ]
INFO: [ view_filter ] --END-- [ RunTime:0.000313s ]
INFO: [ app_end ] --START--
INFO: Run Behavior\ShowPageTraceBehavior [ RunTime:0.000320s ]
INFO: [ app_end ] --END-- [ RunTime:0.000337s ]

[ 2018-04-12T03:09:55+08:00 ] 116.95.117.20 /Admin/Main/index
INFO: [ app_begin ] --START--
INFO: Run Behavior\ReadHtmlCacheBehavior [ RunTime:0.000293s ]
INFO: Run Behavior\CheckLangBehavior [ RunTime:0.000487s ]
INFO: Run Common\Behavior\UrldecodeGetBehavior [ RunTime:0.000132s ]
INFO: [ app_begin ] --END-- [ RunTime:0.001132s ]
INFO: [ admin_begin ] --START--
INFO: Run Common\Behavior\AdminDefaultLangBehavior [ RunTime:0.000543s ]
INFO: [ admin_begin ] --END-- [ RunTime:0.000564s ]
SQL: SHOW COLUMNS FROM `jz_options` [ RunTime:0.0005s ]
SQL: SELECT `option_value` FROM `jz_options` WHERE `option_name` = 'bonus' LIMIT 1   [ RunTime:0.0001s ]
SQL: SHOW COLUMNS FROM `jz_users` [ RunTime:0.0004s ]
SQL: SELECT * FROM `jz_users` WHERE `id` = '1' LIMIT 1   [ RunTime:0.0001s ]
SQL: select VERSION() as version [ RunTime:0.0001s ]
INFO: [ view_parse ] --START--
INFO: [ template_filter ] --START--
INFO: Run Behavior\ContentReplaceBehavior [ RunTime:0.000064s ]
INFO: [ template_filter ] --END-- [ RunTime:0.000092s ]
INFO: Run Behavior\ParseTemplateBehavior [ RunTime:0.007844s ]
INFO: [ view_parse ] --END-- [ RunTime:0.007885s ]
INFO: [ view_filter ] --START--
INFO: Run Behavior\WriteHtmlCacheBehavior [ RunTime:0.000214s ]
INFO: Run Common\Behavior\TmplStripSpaceBehavior [ RunTime:0.000170s ]
INFO: [ view_filter ] --END-- [ RunTime:0.000413s ]
INFO: [ app_end ] --START--
INFO: Run Behavior\ShowPageTraceBehavior [ RunTime:0.000565s ]
INFO: [ app_end ] --END-- [ RunTime:0.000590s ]

