[ 2018-04-25T16:45:38+08:00 ] 36.5.142.15 /index.php/admin
INFO: [ app_begin ] --START--
INFO: Run Behavior\ReadHtmlCacheBehavior [ RunTime:0.000273s ]
INFO: Run Behavior\CheckLangBehavior [ RunTime:0.000414s ]
INFO: Run Common\Behavior\UrldecodeGetBehavior [ RunTime:0.000149s ]
INFO: [ app_begin ] --END-- [ RunTime:0.001058s ]

[ 2018-04-25T16:46:14+08:00 ] 36.5.142.15 /index.php/admin/login.php
INFO: [ app_begin ] --START--
INFO: Run Behavior\ReadHtmlCacheBehavior [ RunTime:0.000287s ]
INFO: Run Behavior\CheckLangBehavior [ RunTime:0.000421s ]
INFO: Run Common\Behavior\UrldecodeGetBehavior [ RunTime:0.000130s ]
INFO: [ app_begin ] --END-- [ RunTime:0.001061s ]
ERR: 无法加载控制器:Login

[ 2018-04-25T16:46:17+08:00 ] 36.5.142.15 /index.php/admin
INFO: [ app_begin ] --START--
INFO: Run Behavior\ReadHtmlCacheBehavior [ RunTime:0.000275s ]
INFO: Run Behavior\CheckLangBehavior [ RunTime:0.000402s ]
INFO: Run Common\Behavior\UrldecodeGetBehavior [ RunTime:0.000147s ]
INFO: [ app_begin ] --END-- [ RunTime:0.001042s ]

[ 2018-04-25T16:46:29+08:00 ] 36.5.142.15 /index.php/admin
INFO: [ app_begin ] --START--
INFO: Run Behavior\ReadHtmlCacheBehavior [ RunTime:0.000353s ]
INFO: Run Behavior\CheckLangBehavior [ RunTime:0.000420s ]
INFO: Run Common\Behavior\UrldecodeGetBehavior [ RunTime:0.000130s ]
INFO: [ app_begin ] --END-- [ RunTime:0.001246s ]

[ 2018-04-25T16:47:13+08:00 ] 36.5.142.15 /index.php/admin
INFO: [ app_begin ] --START--
INFO: Run Behavior\ReadHtmlCacheBehavior [ RunTime:0.000374s ]
INFO: Run Behavior\CheckLangBehavior [ RunTime:0.000563s ]
INFO: Run Common\Behavior\UrldecodeGetBehavior [ RunTime:0.000148s ]
INFO: [ app_begin ] --END-- [ RunTime:0.001336s ]

[ 2018-04-25T16:48:45+08:00 ] 36.5.142.15 /index.php/admin
INFO: [ app_begin ] --START--
INFO: Run Behavior\ReadHtmlCacheBehavior [ RunTime:0.000278s ]
INFO: Run Behavior\CheckLangBehavior [ RunTime:0.000404s ]
INFO: Run Common\Behavior\UrldecodeGetBehavior [ RunTime:0.000148s ]
INFO: [ app_begin ] --END-- [ RunTime:0.001064s ]

[ 2018-04-25T16:50:32+08:00 ] 36.5.142.15 /index.php/admin/index.php
INFO: [ app_begin ] --START--
INFO: Run Behavior\ReadHtmlCacheBehavior [ RunTime:0.000298s ]
INFO: Run Behavior\CheckLangBehavior [ RunTime:0.000419s ]
INFO: Run Common\Behavior\UrldecodeGetBehavior [ RunTime:0.000130s ]
INFO: [ app_begin ] --END-- [ RunTime:0.001056s ]

[ 2018-04-25T16:53:20+08:00 ] 36.5.142.15 /index.php/admin/index.php
INFO: [ app_begin ] --START--
INFO: Run Behavior\ReadHtmlCacheBehavior [ RunTime:0.000276s ]
INFO: Run Behavior\CheckLangBehavior [ RunTime:0.000431s ]
INFO: Run Common\Behavior\UrldecodeGetBehavior [ RunTime:0.000133s ]
INFO: [ app_begin ] --END-- [ RunTime:0.001056s ]

[ 2018-04-25T17:19:05+08:00 ] 36.5.142.15 /index.php/admin/index.php
INFO: [ app_begin ] --START--
INFO: Run Behavior\ReadHtmlCacheBehavior [ RunTime:0.000383s ]
INFO: Run Behavior\CheckLangBehavior [ RunTime:0.000619s ]
INFO: Run Common\Behavior\UrldecodeGetBehavior [ RunTime:0.000188s ]
INFO: [ app_begin ] --END-- [ RunTime:0.001478s ]

[ 2018-04-25T17:19:34+08:00 ] 36.5.142.15 /index.php/admin/index.php
INFO: [ app_begin ] --START--
INFO: Run Behavior\ReadHtmlCacheBehavior [ RunTime:0.000285s ]
INFO: Run Behavior\CheckLangBehavior [ RunTime:0.000401s ]
INFO: Run Common\Behavior\UrldecodeGetBehavior [ RunTime:0.000128s ]
INFO: [ app_begin ] --END-- [ RunTime:0.001043s ]

[ 2018-04-25T17:19:52+08:00 ] 36.5.142.15 /index.php/admin
INFO: [ app_begin ] --START--
INFO: Run Behavior\ReadHtmlCacheBehavior [ RunTime:0.000277s ]
INFO: Run Behavior\CheckLangBehavior [ RunTime:0.000436s ]
INFO: Run Common\Behavior\UrldecodeGetBehavior [ RunTime:0.000133s ]
INFO: [ app_begin ] --END-- [ RunTime:0.001055s ]

